The system is: Linux - 3.10.0-957.12.1.el7.x86_64 - x86_64
Compiling the C compiler identification source file "CMakeCCompilerId.c" succeeded.
Compiler: /n/helmod/apps/centos7/Core/gcc/9.3.0-fasrc01/bin/gcc 
Build flags: 
Id flags:  

The output was:
0


Compilation of the C compiler identification source "CMakeCCompilerId.c" produced "a.out"

The C compiler identification is GNU, found in "/n/home11/ntata/projects/Q_PIX_GEANT4/build/CMakeFiles/3.17.3/CompilerIdC/a.out"

Compiling the CXX compiler identification source file "CMakeCXXCompilerId.cpp" succeeded.
Compiler: /n/helmod/apps/centos7/Core/gcc/9.3.0-fasrc01/bin/g++ 
Build flags: 
Id flags:  

The output was:
0


Compilation of the CXX compiler identification source "CMakeCXXCompilerId.cpp" produced "a.out"

The CXX compiler identification is GNU, found in "/n/home11/ntata/projects/Q_PIX_GEANT4/build/CMakeFiles/3.17.3/CompilerIdCXX/a.out"

Determining if the C compiler works passed with the following output:
Change Dir: /n/home11/ntata/projects/Q_PIX_GEANT4/build/CMakeFiles/CMakeTmp

Run Build Command(s):/usr/bin/gmake cmTC_e287d/fast && /usr/bin/gmake  -f CMakeFiles/cmTC_e287d.dir/build.make CMakeFiles/cmTC_e287d.dir/build
gmake[1]: Entering directory `/n/home11/ntata/projects/Q_PIX_GEANT4/build/CMakeFiles/CMakeTmp'
Building C object CMakeFiles/cmTC_e287d.dir/testCCompiler.c.o
/n/helmod/apps/centos7/Core/gcc/9.3.0-fasrc01/bin/gcc    -o CMakeFiles/cmTC_e287d.dir/testCCompiler.c.o   -c /n/home11/ntata/projects/Q_PIX_GEANT4/build/CMakeFiles/CMakeTmp/testCCompiler.c
Linking C executable cmTC_e287d
/n/sw/helmod/apps/centos7/Core/cmake/3.17.3-fasrc01/bin/cmake -E cmake_link_script CMakeFiles/cmTC_e287d.dir/link.txt --verbose=1
/n/helmod/apps/centos7/Core/gcc/9.3.0-fasrc01/bin/gcc      -rdynamic CMakeFiles/cmTC_e287d.dir/testCCompiler.c.o  -o cmTC_e287d 
gmake[1]: Leaving directory `/n/home11/ntata/projects/Q_PIX_GEANT4/build/CMakeFiles/CMakeTmp'



Detecting C compiler ABI info compiled with the following output:
Change Dir: /n/home11/ntata/projects/Q_PIX_GEANT4/build/CMakeFiles/CMakeTmp

Run Build Command(s):/usr/bin/gmake cmTC_29d89/fast && /usr/bin/gmake  -f CMakeFiles/cmTC_29d89.dir/build.make CMakeFiles/cmTC_29d89.dir/build
gmake[1]: Entering directory `/n/home11/ntata/projects/Q_PIX_GEANT4/build/CMakeFiles/CMakeTmp'
Building C object CMakeFiles/cmTC_29d89.dir/CMakeCCompilerABI.c.o
/n/helmod/apps/centos7/Core/gcc/9.3.0-fasrc01/bin/gcc   -v -o CMakeFiles/cmTC_29d89.dir/CMakeCCompilerABI.c.o   -c /n/sw/helmod/apps/centos7/Core/cmake/3.17.3-fasrc01/share/cmake-3.17/Modules/CMakeCCompilerABI.c
Using built-in specs.
COLLECT_GCC=/n/helmod/apps/centos7/Core/gcc/9.3.0-fasrc01/bin/gcc
Target: x86_64-pc-linux-gnu
Configured with: ./configure --prefix=/n/helmod/apps/centos7/Core/gcc/9.3.0-fasrc01 --program-prefix= --exec-prefix=/n/helmod/apps/centos7/Core/gcc/9.3.0-fasrc01 --bindir=/n/helmod/apps/centos7/Core/gcc/9.3.0-fasrc01/bin --sbindir=/n/helmod/apps/centos7/Core/gcc/9.3.0-fasrc01/sbin --sysconfdir=/n/helmod/apps/centos7/Core/gcc/9.3.0-fasrc01/etc --datadir=/n/helmod/apps/centos7/Core/gcc/9.3.0-fasrc01/share --includedir=/n/helmod/apps/centos7/Core/gcc/9.3.0-fasrc01/include --libdir=/n/helmod/apps/centos7/Core/gcc/9.3.0-fasrc01/lib64 --libexecdir=/n/helmod/apps/centos7/Core/gcc/9.3.0-fasrc01/libexec --localstatedir=/n/helmod/apps/centos7/Core/gcc/9.3.0-fasrc01/var --sharedstatedir=/n/helmod/apps/centos7/Core/gcc/9.3.0-fasrc01/var/lib --mandir=/n/helmod/apps/centos7/Core/gcc/9.3.0-fasrc01/share/man --infodir=/n/helmod/apps/centos7/Core/gcc/9.3.0-fasrc01/share/info
Thread model: posix
gcc version 9.3.0 (GCC) 
COLLECT_GCC_OPTIONS='-v' '-o' 'CMakeFiles/cmTC_29d89.dir/CMakeCCompilerABI.c.o' '-c' '-mtune=generic' '-march=x86-64'
 /n/sw/helmod/apps/centos7/Core/gcc/9.3.0-fasrc01/bin/../libexec/gcc/x86_64-pc-linux-gnu/9.3.0/cc1 -quiet -v -iprefix /n/sw/helmod/apps/centos7/Core/gcc/9.3.0-fasrc01/bin/../lib64/gcc/x86_64-pc-linux-gnu/9.3.0/ /n/sw/helmod/apps/centos7/Core/cmake/3.17.3-fasrc01/share/cmake-3.17/Modules/CMakeCCompilerABI.c -quiet -dumpbase CMakeCCompilerABI.c -mtune=generic -march=x86-64 -auxbase-strip CMakeFiles/cmTC_29d89.dir/CMakeCCompilerABI.c.o -version -o /tmp/ccI6bsvC.s
GNU C17 (GCC) version 9.3.0 (x86_64-pc-linux-gnu)
	compiled by GNU C version 9.3.0, GMP version 6.1.2, MPFR version 3.1.5, MPC version 1.0.3, isl version none
GGC heuristics: --param ggc-min-expand=100 --param ggc-min-heapsize=131072
ignoring nonexistent directory "/n/sw/helmod/apps/centos7/Core/gcc/9.3.0-fasrc01/bin/../lib64/gcc/x86_64-pc-linux-gnu/9.3.0/../../../../x86_64-pc-linux-gnu/include"
ignoring duplicate directory "/n/sw/helmod/apps/centos7/Core/gcc/9.3.0-fasrc01/bin/../lib64/gcc/../../lib64/gcc/x86_64-pc-linux-gnu/9.3.0/include"
ignoring duplicate directory "/n/sw/helmod/apps/centos7/Core/gcc/9.3.0-fasrc01/bin/../lib64/gcc/../../lib64/gcc/x86_64-pc-linux-gnu/9.3.0/include-fixed"
ignoring nonexistent directory "/n/sw/helmod/apps/centos7/Core/gcc/9.3.0-fasrc01/bin/../lib64/gcc/../../lib64/gcc/x86_64-pc-linux-gnu/9.3.0/../../../../x86_64-pc-linux-gnu/include"
ignoring nonexistent directory "/n/helmod/apps/centos7/Core/cmake/3.17.3-fasrc01/share/cmake-3.16/Help/include"
ignoring nonexistent directory "/n/helmod/apps/centos7/Core/cmake/3.17.3-fasrc01/share/cmake-3.16/include"
ignoring duplicate directory "/n/helmod/apps/centos7/Core/gcc/9.3.0-fasrc01/include"
  as it is a non-system directory that duplicates a system directory
ignoring duplicate directory "/n/helmod/apps/centos7/Core/gcc/9.3.0-fasrc01/lib64/gcc/x86_64-pc-linux-gnu/9.3.0/include"
  as it is a non-system directory that duplicates a system directory
#include "..." search starts here:
#include <...> search starts here:
 /n/helmod/apps/centos7/Core/gcc/9.3.0-fasrc01/lib64/gcc/x86_64-pc-linux-gnu/9.3.0/plugin/include
 /n/helmod/apps/centos7/Core/gcc/9.3.0-fasrc01/lib64/gcc/x86_64-pc-linux-gnu/9.3.0/install-tools/include
 /n/helmod/apps/centos7/Core/mpc/1.0.3-fasrc06/include
 /n/helmod/apps/centos7/Core/mpfr/3.1.5-fasrc01/include
 /n/helmod/apps/centos7/Core/gmp/6.1.2-fasrc01/include
 /n/sw/helmod/apps/centos7/Core/gcc/9.3.0-fasrc01/bin/../lib64/gcc/x86_64-pc-linux-gnu/9.3.0/include
 /n/sw/helmod/apps/centos7/Core/gcc/9.3.0-fasrc01/bin/../lib64/gcc/x86_64-pc-linux-gnu/9.3.0/include-fixed
 /usr/local/include
 /n/sw/helmod/apps/centos7/Core/gcc/9.3.0-fasrc01/bin/../lib64/gcc/../../include
 /usr/include
End of search list.
GNU C17 (GCC) version 9.3.0 (x86_64-pc-linux-gnu)
	compiled by GNU C version 9.3.0, GMP version 6.1.2, MPFR version 3.1.5, MPC version 1.0.3, isl version none
GGC heuristics: --param ggc-min-expand=100 --param ggc-min-heapsize=131072
Compiler executable checksum: 3e70db7a6bb5bd8f980f8df95b6ac2e5
COLLECT_GCC_OPTIONS='-v' '-o' 'CMakeFiles/cmTC_29d89.dir/CMakeCCompilerABI.c.o' '-c' '-mtune=generic' '-march=x86-64'
 as -v --64 -o CMakeFiles/cmTC_29d89.dir/CMakeCCompilerABI.c.o /tmp/ccI6bsvC.s
GNU assembler version 2.27 (x86_64-redhat-linux) using BFD version version 2.27-34.base.el7
COMPILER_PATH=/n/sw/helmod/apps/centos7/Core/gcc/9.3.0-fasrc01/bin/../libexec/gcc/x86_64-pc-linux-gnu/9.3.0/:/n/sw/helmod/apps/centos7/Core/gcc/9.3.0-fasrc01/bin/../libexec/gcc/
LIBRARY_PATH=/n/sw/helmod/apps/centos7/Core/gcc/9.3.0-fasrc01/bin/../lib64/gcc/x86_64-pc-linux-gnu/9.3.0/:/n/sw/helmod/apps/centos7/Core/gcc/9.3.0-fasrc01/bin/../lib64/gcc/:/n/helmod/apps/centos7/Core/gcc/9.3.0-fasrc01/lib64/../lib64/:/n/helmod/apps/centos7/Core/gcc/9.3.0-fasrc01/lib/../lib64/:/n/helmod/apps/centos7/Core/mpc/1.0.3-fasrc06/lib64/../lib64/:/n/helmod/apps/centos7/Core/mpfr/3.1.5-fasrc01/lib64/../lib64/:/n/helmod/apps/centos7/Core/gmp/6.1.2-fasrc01/lib64/../lib64/:/n/sw/helmod/apps/centos7/Core/gcc/9.3.0-fasrc01/bin/../lib64/gcc/x86_64-pc-linux-gnu/9.3.0/../../../../lib64/:/lib/../lib64/:/usr/lib/../lib64/:/n/helmod/apps/centos7/Core/gcc/9.3.0-fasrc01/lib64/:/n/helmod/apps/centos7/Core/gcc/9.3.0-fasrc01/lib/:/n/helmod/apps/centos7/Core/mpc/1.0.3-fasrc06/lib64/:/n/helmod/apps/centos7/Core/mpfr/3.1.5-fasrc01/lib64/:/n/helmod/apps/centos7/Core/gmp/6.1.2-fasrc01/lib64/:/n/home11/ntata/marley/build/:/n/sw/helmod/apps/centos7/Core/gcc/9.3.0-fasrc01/bin/../lib64/gcc/x86_64-pc-linux-gnu/9.3.0/../../../:/lib/:/usr/lib/
COLLECT_GCC_OPTIONS='-v' '-o' 'CMakeFiles/cmTC_29d89.dir/CMakeCCompilerABI.c.o' '-c' '-mtune=generic' '-march=x86-64'
Linking C executable cmTC_29d89
/n/sw/helmod/apps/centos7/Core/cmake/3.17.3-fasrc01/bin/cmake -E cmake_link_script CMakeFiles/cmTC_29d89.dir/link.txt --verbose=1
/n/helmod/apps/centos7/Core/gcc/9.3.0-fasrc01/bin/gcc     -v -rdynamic CMakeFiles/cmTC_29d89.dir/CMakeCCompilerABI.c.o  -o cmTC_29d89 
Using built-in specs.
COLLECT_GCC=/n/helmod/apps/centos7/Core/gcc/9.3.0-fasrc01/bin/gcc
COLLECT_LTO_WRAPPER=/n/sw/helmod/apps/centos7/Core/gcc/9.3.0-fasrc01/bin/../libexec/gcc/x86_64-pc-linux-gnu/9.3.0/lto-wrapper
Target: x86_64-pc-linux-gnu
Configured with: ./configure --prefix=/n/helmod/apps/centos7/Core/gcc/9.3.0-fasrc01 --program-prefix= --exec-prefix=/n/helmod/apps/centos7/Core/gcc/9.3.0-fasrc01 --bindir=/n/helmod/apps/centos7/Core/gcc/9.3.0-fasrc01/bin --sbindir=/n/helmod/apps/centos7/Core/gcc/9.3.0-fasrc01/sbin --sysconfdir=/n/helmod/apps/centos7/Core/gcc/9.3.0-fasrc01/etc --datadir=/n/helmod/apps/centos7/Core/gcc/9.3.0-fasrc01/share --includedir=/n/helmod/apps/centos7/Core/gcc/9.3.0-fasrc01/include --libdir=/n/helmod/apps/centos7/Core/gcc/9.3.0-fasrc01/lib64 --libexecdir=/n/helmod/apps/centos7/Core/gcc/9.3.0-fasrc01/libexec --localstatedir=/n/helmod/apps/centos7/Core/gcc/9.3.0-fasrc01/var --sharedstatedir=/n/helmod/apps/centos7/Core/gcc/9.3.0-fasrc01/var/lib --mandir=/n/helmod/apps/centos7/Core/gcc/9.3.0-fasrc01/share/man --infodir=/n/helmod/apps/centos7/Core/gcc/9.3.0-fasrc01/share/info
Thread model: posix
gcc version 9.3.0 (GCC) 
COMPILER_PATH=/n/sw/helmod/apps/centos7/Core/gcc/9.3.0-fasrc01/bin/../libexec/gcc/x86_64-pc-linux-gnu/9.3.0/:/n/sw/helmod/apps/centos7/Core/gcc/9.3.0-fasrc01/bin/../libexec/gcc/
LIBRARY_PATH=/n/sw/helmod/apps/centos7/Core/gcc/9.3.0-fasrc01/bin/../lib64/gcc/x86_64-pc-linux-gnu/9.3.0/:/n/sw/helmod/apps/centos7/Core/gcc/9.3.0-fasrc01/bin/../lib64/gcc/:/n/helmod/apps/centos7/Core/gcc/9.3.0-fasrc01/lib64/../lib64/:/n/helmod/apps/centos7/Core/gcc/9.3.0-fasrc01/lib/../lib64/:/n/helmod/apps/centos7/Core/mpc/1.0.3-fasrc06/lib64/../lib64/:/n/helmod/apps/centos7/Core/mpfr/3.1.5-fasrc01/lib64/../lib64/:/n/helmod/apps/centos7/Core/gmp/6.1.2-fasrc01/lib64/../lib64/:/n/sw/helmod/apps/centos7/Core/gcc/9.3.0-fasrc01/bin/../lib64/gcc/x86_64-pc-linux-gnu/9.3.0/../../../../lib64/:/lib/../lib64/:/usr/lib/../lib64/:/n/helmod/apps/centos7/Core/gcc/9.3.0-fasrc01/lib64/:/n/helmod/apps/centos7/Core/gcc/9.3.0-fasrc01/lib/:/n/helmod/apps/centos7/Core/mpc/1.0.3-fasrc06/lib64/:/n/helmod/apps/centos7/Core/mpfr/3.1.5-fasrc01/lib64/:/n/helmod/apps/centos7/Core/gmp/6.1.2-fasrc01/lib64/:/n/home11/ntata/marley/build/:/n/sw/helmod/apps/centos7/Core/gcc/9.3.0-fasrc01/bin/../lib64/gcc/x86_64-pc-linux-gnu/9.3.0/../../../:/lib/:/usr/lib/
COLLECT_GCC_OPTIONS='-v' '-rdynamic' '-o' 'cmTC_29d89' '-mtune=generic' '-march=x86-64'
 /n/sw/helmod/apps/centos7/Core/gcc/9.3.0-fasrc01/bin/../libexec/gcc/x86_64-pc-linux-gnu/9.3.0/collect2 -plugin /n/sw/helmod/apps/centos7/Core/gcc/9.3.0-fasrc01/bin/../libexec/gcc/x86_64-pc-linux-gnu/9.3.0/liblto_plugin.so -plugin-opt=/n/sw/helmod/apps/centos7/Core/gcc/9.3.0-fasrc01/bin/../libexec/gcc/x86_64-pc-linux-gnu/9.3.0/lto-wrapper -plugin-opt=-fresolution=/tmp/ccfSDsyN.res -plugin-opt=-pass-through=-lgcc -plugin-opt=-pass-through=-lgcc_s -plugin-opt=-pass-through=-lc -plugin-opt=-pass-through=-lgcc -plugin-opt=-pass-through=-lgcc_s --eh-frame-hdr -m elf_x86_64 -export-dynamic -dynamic-linker /lib64/ld-linux-x86-64.so.2 -o cmTC_29d89 /lib/../lib64/crt1.o /lib/../lib64/crti.o /n/sw/helmod/apps/centos7/Core/gcc/9.3.0-fasrc01/bin/../lib64/gcc/x86_64-pc-linux-gnu/9.3.0/crtbegin.o -L/n/sw/helmod/apps/centos7/Core/gcc/9.3.0-fasrc01/bin/../lib64/gcc/x86_64-pc-linux-gnu/9.3.0 -L/n/sw/helmod/apps/centos7/Core/gcc/9.3.0-fasrc01/bin/../lib64/gcc -L/n/helmod/apps/centos7/Core/gcc/9.3.0-fasrc01/lib64/../lib64 -L/n/helmod/apps/centos7/Core/gcc/9.3.0-fasrc01/lib/../lib64 -L/n/helmod/apps/centos7/Core/mpc/1.0.3-fasrc06/lib64/../lib64 -L/n/helmod/apps/centos7/Core/mpfr/3.1.5-fasrc01/lib64/../lib64 -L/n/helmod/apps/centos7/Core/gmp/6.1.2-fasrc01/lib64/../lib64 -L/n/sw/helmod/apps/centos7/Core/gcc/9.3.0-fasrc01/bin/../lib64/gcc/x86_64-pc-linux-gnu/9.3.0/../../../../lib64 -L/lib/../lib64 -L/usr/lib/../lib64 -L/n/helmod/apps/centos7/Core/gcc/9.3.0-fasrc01/lib64 -L/n/helmod/apps/centos7/Core/gcc/9.3.0-fasrc01/lib -L/n/helmod/apps/centos7/Core/mpc/1.0.3-fasrc06/lib64 -L/n/helmod/apps/centos7/Core/mpfr/3.1.5-fasrc01/lib64 -L/n/helmod/apps/centos7/Core/gmp/6.1.2-fasrc01/lib64 -L/n/home11/ntata/marley/build -L/n/sw/helmod/apps/centos7/Core/gcc/9.3.0-fasrc01/bin/../lib64/gcc/x86_64-pc-linux-gnu/9.3.0/../../.. CMakeFiles/cmTC_29d89.dir/CMakeCCompilerABI.c.o -lgcc --as-needed -lgcc_s --no-as-needed -lc -lgcc --as-needed -lgcc_s --no-as-needed /n/sw/helmod/apps/centos7/Core/gcc/9.3.0-fasrc01/bin/../lib64/gcc/x86_64-pc-linux-gnu/9.3.0/crtend.o /lib/../lib64/crtn.o
COLLECT_GCC_OPTIONS='-v' '-rdynamic' '-o' 'cmTC_29d89' '-mtune=generic' '-march=x86-64'
gmake[1]: Leaving directory `/n/home11/ntata/projects/Q_PIX_GEANT4/build/CMakeFiles/CMakeTmp'



Parsed C implicit include dir info from above output: rv=done
  found start of include info
  found start of implicit include info
    add: [/n/helmod/apps/centos7/Core/gcc/9.3.0-fasrc01/lib64/gcc/x86_64-pc-linux-gnu/9.3.0/plugin/include]
    add: [/n/helmod/apps/centos7/Core/gcc/9.3.0-fasrc01/lib64/gcc/x86_64-pc-linux-gnu/9.3.0/install-tools/include]
    add: [/n/helmod/apps/centos7/Core/mpc/1.0.3-fasrc06/include]
    add: [/n/helmod/apps/centos7/Core/mpfr/3.1.5-fasrc01/include]
    add: [/n/helmod/apps/centos7/Core/gmp/6.1.2-fasrc01/include]
    add: [/n/sw/helmod/apps/centos7/Core/gcc/9.3.0-fasrc01/bin/../lib64/gcc/x86_64-pc-linux-gnu/9.3.0/include]
    add: [/n/sw/helmod/apps/centos7/Core/gcc/9.3.0-fasrc01/bin/../lib64/gcc/x86_64-pc-linux-gnu/9.3.0/include-fixed]
    add: [/usr/local/include]
    add: [/n/sw/helmod/apps/centos7/Core/gcc/9.3.0-fasrc01/bin/../lib64/gcc/../../include]
    add: [/usr/include]
  end of search list found
  collapse include dir [/n/helmod/apps/centos7/Core/gcc/9.3.0-fasrc01/lib64/gcc/x86_64-pc-linux-gnu/9.3.0/plugin/include] ==> [/n/helmod/apps/centos7/Core/gcc/9.3.0-fasrc01/lib64/gcc/x86_64-pc-linux-gnu/9.3.0/plugin/include]
  collapse include dir [/n/helmod/apps/centos7/Core/gcc/9.3.0-fasrc01/lib64/gcc/x86_64-pc-linux-gnu/9.3.0/install-tools/include] ==> [/n/helmod/apps/centos7/Core/gcc/9.3.0-fasrc01/lib64/gcc/x86_64-pc-linux-gnu/9.3.0/install-tools/include]
  collapse include dir [/n/helmod/apps/centos7/Core/mpc/1.0.3-fasrc06/include] ==> [/n/helmod/apps/centos7/Core/mpc/1.0.3-fasrc06/include]
  collapse include dir [/n/helmod/apps/centos7/Core/mpfr/3.1.5-fasrc01/include] ==> [/n/helmod/apps/centos7/Core/mpfr/3.1.5-fasrc01/include]
  collapse include dir [/n/helmod/apps/centos7/Core/gmp/6.1.2-fasrc01/include] ==> [/n/helmod/apps/centos7/Core/gmp/6.1.2-fasrc01/include]
  collapse include dir [/n/sw/helmod/apps/centos7/Core/gcc/9.3.0-fasrc01/bin/../lib64/gcc/x86_64-pc-linux-gnu/9.3.0/include] ==> [/n/sw/helmod/apps/centos7/Core/gcc/9.3.0-fasrc01/lib64/gcc/x86_64-pc-linux-gnu/9.3.0/include]
  collapse include dir [/n/sw/helmod/apps/centos7/Core/gcc/9.3.0-fasrc01/bin/../lib64/gcc/x86_64-pc-linux-gnu/9.3.0/include-fixed] ==> [/n/sw/helmod/apps/centos7/Core/gcc/9.3.0-fasrc01/lib64/gcc/x86_64-pc-linux-gnu/9.3.0/include-fixed]
  collapse include dir [/usr/local/include] ==> [/usr/local/include]
  collapse include dir [/n/sw/helmod/apps/centos7/Core/gcc/9.3.0-fasrc01/bin/../lib64/gcc/../../include] ==> [/n/sw/helmod/apps/centos7/Core/gcc/9.3.0-fasrc01/include]
  collapse include dir [/usr/include] ==> [/usr/include]
  implicit include dirs: [/n/helmod/apps/centos7/Core/gcc/9.3.0-fasrc01/lib64/gcc/x86_64-pc-linux-gnu/9.3.0/plugin/include;/n/helmod/apps/centos7/Core/gcc/9.3.0-fasrc01/lib64/gcc/x86_64-pc-linux-gnu/9.3.0/install-tools/include;/n/helmod/apps/centos7/Core/mpc/1.0.3-fasrc06/include;/n/helmod/apps/centos7/Core/mpfr/3.1.5-fasrc01/include;/n/helmod/apps/centos7/Core/gmp/6.1.2-fasrc01/include;/n/sw/helmod/apps/centos7/Core/gcc/9.3.0-fasrc01/lib64/gcc/x86_64-pc-linux-gnu/9.3.0/include;/n/sw/helmod/apps/centos7/Core/gcc/9.3.0-fasrc01/lib64/gcc/x86_64-pc-linux-gnu/9.3.0/include-fixed;/usr/local/include;/n/sw/helmod/apps/centos7/Core/gcc/9.3.0-fasrc01/include;/usr/include]


Parsed C implicit link information from above output:
  link line regex: [^( *|.*[/\])(ld|CMAKE_LINK_STARTFILE-NOTFOUND|([^/\]+-)?ld|collect2)[^/\]*( |$)]
  ignore line: [Change Dir: /n/home11/ntata/projects/Q_PIX_GEANT4/build/CMakeFiles/CMakeTmp]
  ignore line: []
  ignore line: [Run Build Command(s):/usr/bin/gmake cmTC_29d89/fast && /usr/bin/gmake  -f CMakeFiles/cmTC_29d89.dir/build.make CMakeFiles/cmTC_29d89.dir/build]
  ignore line: [gmake[1]: Entering directory `/n/home11/ntata/projects/Q_PIX_GEANT4/build/CMakeFiles/CMakeTmp']
  ignore line: [Building C object CMakeFiles/cmTC_29d89.dir/CMakeCCompilerABI.c.o]
  ignore line: [/n/helmod/apps/centos7/Core/gcc/9.3.0-fasrc01/bin/gcc   -v -o CMakeFiles/cmTC_29d89.dir/CMakeCCompilerABI.c.o   -c /n/sw/helmod/apps/centos7/Core/cmake/3.17.3-fasrc01/share/cmake-3.17/Modules/CMakeCCompilerABI.c]
  ignore line: [Using built-in specs.]
  ignore line: [COLLECT_GCC=/n/helmod/apps/centos7/Core/gcc/9.3.0-fasrc01/bin/gcc]
  ignore line: [Target: x86_64-pc-linux-gnu]
  ignore line: [Configured with: ./configure --prefix=/n/helmod/apps/centos7/Core/gcc/9.3.0-fasrc01 --program-prefix= --exec-prefix=/n/helmod/apps/centos7/Core/gcc/9.3.0-fasrc01 --bindir=/n/helmod/apps/centos7/Core/gcc/9.3.0-fasrc01/bin --sbindir=/n/helmod/apps/centos7/Core/gcc/9.3.0-fasrc01/sbin --sysconfdir=/n/helmod/apps/centos7/Core/gcc/9.3.0-fasrc01/etc --datadir=/n/helmod/apps/centos7/Core/gcc/9.3.0-fasrc01/share --includedir=/n/helmod/apps/centos7/Core/gcc/9.3.0-fasrc01/include --libdir=/n/helmod/apps/centos7/Core/gcc/9.3.0-fasrc01/lib64 --libexecdir=/n/helmod/apps/centos7/Core/gcc/9.3.0-fasrc01/libexec --localstatedir=/n/helmod/apps/centos7/Core/gcc/9.3.0-fasrc01/var --sharedstatedir=/n/helmod/apps/centos7/Core/gcc/9.3.0-fasrc01/var/lib --mandir=/n/helmod/apps/centos7/Core/gcc/9.3.0-fasrc01/share/man --infodir=/n/helmod/apps/centos7/Core/gcc/9.3.0-fasrc01/share/info]
  ignore line: [Thread model: posix]
  ignore line: [gcc version 9.3.0 (GCC) ]
  ignore line: [COLLECT_GCC_OPTIONS='-v' '-o' 'CMakeFiles/cmTC_29d89.dir/CMakeCCompilerABI.c.o' '-c' '-mtune=generic' '-march=x86-64']
  ignore line: [ /n/sw/helmod/apps/centos7/Core/gcc/9.3.0-fasrc01/bin/../libexec/gcc/x86_64-pc-linux-gnu/9.3.0/cc1 -quiet -v -iprefix /n/sw/helmod/apps/centos7/Core/gcc/9.3.0-fasrc01/bin/../lib64/gcc/x86_64-pc-linux-gnu/9.3.0/ /n/sw/helmod/apps/centos7/Core/cmake/3.17.3-fasrc01/share/cmake-3.17/Modules/CMakeCCompilerABI.c -quiet -dumpbase CMakeCCompilerABI.c -mtune=generic -march=x86-64 -auxbase-strip CMakeFiles/cmTC_29d89.dir/CMakeCCompilerABI.c.o -version -o /tmp/ccI6bsvC.s]
  ignore line: [GNU C17 (GCC) version 9.3.0 (x86_64-pc-linux-gnu)]
  ignore line: [	compiled by GNU C version 9.3.0  GMP version 6.1.2  MPFR version 3.1.5  MPC version 1.0.3  isl version none]
  ignore line: [GGC heuristics: --param ggc-min-expand=100 --param ggc-min-heapsize=131072]
  ignore line: [ignoring nonexistent directory "/n/sw/helmod/apps/centos7/Core/gcc/9.3.0-fasrc01/bin/../lib64/gcc/x86_64-pc-linux-gnu/9.3.0/../../../../x86_64-pc-linux-gnu/include"]
  ignore line: [ignoring duplicate directory "/n/sw/helmod/apps/centos7/Core/gcc/9.3.0-fasrc01/bin/../lib64/gcc/../../lib64/gcc/x86_64-pc-linux-gnu/9.3.0/include"]
  ignore line: [ignoring duplicate directory "/n/sw/helmod/apps/centos7/Core/gcc/9.3.0-fasrc01/bin/../lib64/gcc/../../lib64/gcc/x86_64-pc-linux-gnu/9.3.0/include-fixed"]
  ignore line: [ignoring nonexistent directory "/n/sw/helmod/apps/centos7/Core/gcc/9.3.0-fasrc01/bin/../lib64/gcc/../../lib64/gcc/x86_64-pc-linux-gnu/9.3.0/../../../../x86_64-pc-linux-gnu/include"]
  ignore line: [ignoring nonexistent directory "/n/helmod/apps/centos7/Core/cmake/3.17.3-fasrc01/share/cmake-3.16/Help/include"]
  ignore line: [ignoring nonexistent directory "/n/helmod/apps/centos7/Core/cmake/3.17.3-fasrc01/share/cmake-3.16/include"]
  ignore line: [ignoring duplicate directory "/n/helmod/apps/centos7/Core/gcc/9.3.0-fasrc01/include"]
  ignore line: [  as it is a non-system directory that duplicates a system directory]
  ignore line: [ignoring duplicate directory "/n/helmod/apps/centos7/Core/gcc/9.3.0-fasrc01/lib64/gcc/x86_64-pc-linux-gnu/9.3.0/include"]
  ignore line: [  as it is a non-system directory that duplicates a system directory]
  ignore line: [#include "..." search starts here:]
  ignore line: [#include <...> search starts here:]
  ignore line: [ /n/helmod/apps/centos7/Core/gcc/9.3.0-fasrc01/lib64/gcc/x86_64-pc-linux-gnu/9.3.0/plugin/include]
  ignore line: [ /n/helmod/apps/centos7/Core/gcc/9.3.0-fasrc01/lib64/gcc/x86_64-pc-linux-gnu/9.3.0/install-tools/include]
  ignore line: [ /n/helmod/apps/centos7/Core/mpc/1.0.3-fasrc06/include]
  ignore line: [ /n/helmod/apps/centos7/Core/mpfr/3.1.5-fasrc01/include]
  ignore line: [ /n/helmod/apps/centos7/Core/gmp/6.1.2-fasrc01/include]
  ignore line: [ /n/sw/helmod/apps/centos7/Core/gcc/9.3.0-fasrc01/bin/../lib64/gcc/x86_64-pc-linux-gnu/9.3.0/include]
  ignore line: [ /n/sw/helmod/apps/centos7/Core/gcc/9.3.0-fasrc01/bin/../lib64/gcc/x86_64-pc-linux-gnu/9.3.0/include-fixed]
  ignore line: [ /usr/local/include]
  ignore line: [ /n/sw/helmod/apps/centos7/Core/gcc/9.3.0-fasrc01/bin/../lib64/gcc/../../include]
  ignore line: [ /usr/include]
  ignore line: [End of search list.]
  ignore line: [GNU C17 (GCC) version 9.3.0 (x86_64-pc-linux-gnu)]
  ignore line: [	compiled by GNU C version 9.3.0  GMP version 6.1.2  MPFR version 3.1.5  MPC version 1.0.3  isl version none]
  ignore line: [GGC heuristics: --param ggc-min-expand=100 --param ggc-min-heapsize=131072]
  ignore line: [Compiler executable checksum: 3e70db7a6bb5bd8f980f8df95b6ac2e5]
  ignore line: [COLLECT_GCC_OPTIONS='-v' '-o' 'CMakeFiles/cmTC_29d89.dir/CMakeCCompilerABI.c.o' '-c' '-mtune=generic' '-march=x86-64']
  ignore line: [ as -v --64 -o CMakeFiles/cmTC_29d89.dir/CMakeCCompilerABI.c.o /tmp/ccI6bsvC.s]
  ignore line: [GNU assembler version 2.27 (x86_64-redhat-linux) using BFD version version 2.27-34.base.el7]
  ignore line: [COMPILER_PATH=/n/sw/helmod/apps/centos7/Core/gcc/9.3.0-fasrc01/bin/../libexec/gcc/x86_64-pc-linux-gnu/9.3.0/:/n/sw/helmod/apps/centos7/Core/gcc/9.3.0-fasrc01/bin/../libexec/gcc/]
  ignore line: [LIBRARY_PATH=/n/sw/helmod/apps/centos7/Core/gcc/9.3.0-fasrc01/bin/../lib64/gcc/x86_64-pc-linux-gnu/9.3.0/:/n/sw/helmod/apps/centos7/Core/gcc/9.3.0-fasrc01/bin/../lib64/gcc/:/n/helmod/apps/centos7/Core/gcc/9.3.0-fasrc01/lib64/../lib64/:/n/helmod/apps/centos7/Core/gcc/9.3.0-fasrc01/lib/../lib64/:/n/helmod/apps/centos7/Core/mpc/1.0.3-fasrc06/lib64/../lib64/:/n/helmod/apps/centos7/Core/mpfr/3.1.5-fasrc01/lib64/../lib64/:/n/helmod/apps/centos7/Core/gmp/6.1.2-fasrc01/lib64/../lib64/:/n/sw/helmod/apps/centos7/Core/gcc/9.3.0-fasrc01/bin/../lib64/gcc/x86_64-pc-linux-gnu/9.3.0/../../../../lib64/:/lib/../lib64/:/usr/lib/../lib64/:/n/helmod/apps/centos7/Core/gcc/9.3.0-fasrc01/lib64/:/n/helmod/apps/centos7/Core/gcc/9.3.0-fasrc01/lib/:/n/helmod/apps/centos7/Core/mpc/1.0.3-fasrc06/lib64/:/n/helmod/apps/centos7/Core/mpfr/3.1.5-fasrc01/lib64/:/n/helmod/apps/centos7/Core/gmp/6.1.2-fasrc01/lib64/:/n/home11/ntata/marley/build/:/n/sw/helmod/apps/centos7/Core/gcc/9.3.0-fasrc01/bin/../lib64/gcc/x86_64-pc-linux-gnu/9.3.0/../../../:/lib/:/usr/lib/]
  ignore line: [COLLECT_GCC_OPTIONS='-v' '-o' 'CMakeFiles/cmTC_29d89.dir/CMakeCCompilerABI.c.o' '-c' '-mtune=generic' '-march=x86-64']
  ignore line: [Linking C executable cmTC_29d89]
  ignore line: [/n/sw/helmod/apps/centos7/Core/cmake/3.17.3-fasrc01/bin/cmake -E cmake_link_script CMakeFiles/cmTC_29d89.dir/link.txt --verbose=1]
  ignore line: [/n/helmod/apps/centos7/Core/gcc/9.3.0-fasrc01/bin/gcc     -v -rdynamic CMakeFiles/cmTC_29d89.dir/CMakeCCompilerABI.c.o  -o cmTC_29d89 ]
  ignore line: [Using built-in specs.]
  ignore line: [COLLECT_GCC=/n/helmod/apps/centos7/Core/gcc/9.3.0-fasrc01/bin/gcc]
  ignore line: [COLLECT_LTO_WRAPPER=/n/sw/helmod/apps/centos7/Core/gcc/9.3.0-fasrc01/bin/../libexec/gcc/x86_64-pc-linux-gnu/9.3.0/lto-wrapper]
  ignore line: [Target: x86_64-pc-linux-gnu]
  ignore line: [Configured with: ./configure --prefix=/n/helmod/apps/centos7/Core/gcc/9.3.0-fasrc01 --program-prefix= --exec-prefix=/n/helmod/apps/centos7/Core/gcc/9.3.0-fasrc01 --bindir=/n/helmod/apps/centos7/Core/gcc/9.3.0-fasrc01/bin --sbindir=/n/helmod/apps/centos7/Core/gcc/9.3.0-fasrc01/sbin --sysconfdir=/n/helmod/apps/centos7/Core/gcc/9.3.0-fasrc01/etc --datadir=/n/helmod/apps/centos7/Core/gcc/9.3.0-fasrc01/share --includedir=/n/helmod/apps/centos7/Core/gcc/9.3.0-fasrc01/include --libdir=/n/helmod/apps/centos7/Core/gcc/9.3.0-fasrc01/lib64 --libexecdir=/n/helmod/apps/centos7/Core/gcc/9.3.0-fasrc01/libexec --localstatedir=/n/helmod/apps/centos7/Core/gcc/9.3.0-fasrc01/var --sharedstatedir=/n/helmod/apps/centos7/Core/gcc/9.3.0-fasrc01/var/lib --mandir=/n/helmod/apps/centos7/Core/gcc/9.3.0-fasrc01/share/man --infodir=/n/helmod/apps/centos7/Core/gcc/9.3.0-fasrc01/share/info]
  ignore line: [Thread model: posix]
  ignore line: [gcc version 9.3.0 (GCC) ]
  ignore line: [COMPILER_PATH=/n/sw/helmod/apps/centos7/Core/gcc/9.3.0-fasrc01/bin/../libexec/gcc/x86_64-pc-linux-gnu/9.3.0/:/n/sw/helmod/apps/centos7/Core/gcc/9.3.0-fasrc01/bin/../libexec/gcc/]
  ignore line: [LIBRARY_PATH=/n/sw/helmod/apps/centos7/Core/gcc/9.3.0-fasrc01/bin/../lib64/gcc/x86_64-pc-linux-gnu/9.3.0/:/n/sw/helmod/apps/centos7/Core/gcc/9.3.0-fasrc01/bin/../lib64/gcc/:/n/helmod/apps/centos7/Core/gcc/9.3.0-fasrc01/lib64/../lib64/:/n/helmod/apps/centos7/Core/gcc/9.3.0-fasrc01/lib/../lib64/:/n/helmod/apps/centos7/Core/mpc/1.0.3-fasrc06/lib64/../lib64/:/n/helmod/apps/centos7/Core/mpfr/3.1.5-fasrc01/lib64/../lib64/:/n/helmod/apps/centos7/Core/gmp/6.1.2-fasrc01/lib64/../lib64/:/n/sw/helmod/apps/centos7/Core/gcc/9.3.0-fasrc01/bin/../lib64/gcc/x86_64-pc-linux-gnu/9.3.0/../../../../lib64/:/lib/../lib64/:/usr/lib/../lib64/:/n/helmod/apps/centos7/Core/gcc/9.3.0-fasrc01/lib64/:/n/helmod/apps/centos7/Core/gcc/9.3.0-fasrc01/lib/:/n/helmod/apps/centos7/Core/mpc/1.0.3-fasrc06/lib64/:/n/helmod/apps/centos7/Core/mpfr/3.1.5-fasrc01/lib64/:/n/helmod/apps/centos7/Core/gmp/6.1.2-fasrc01/lib64/:/n/home11/ntata/marley/build/:/n/sw/helmod/apps/centos7/Core/gcc/9.3.0-fasrc01/bin/../lib64/gcc/x86_64-pc-linux-gnu/9.3.0/../../../:/lib/:/usr/lib/]
  ignore line: [COLLECT_GCC_OPTIONS='-v' '-rdynamic' '-o' 'cmTC_29d89' '-mtune=generic' '-march=x86-64']
  link line: [ /n/sw/helmod/apps/centos7/Core/gcc/9.3.0-fasrc01/bin/../libexec/gcc/x86_64-pc-linux-gnu/9.3.0/collect2 -plugin /n/sw/helmod/apps/centos7/Core/gcc/9.3.0-fasrc01/bin/../libexec/gcc/x86_64-pc-linux-gnu/9.3.0/liblto_plugin.so -plugin-opt=/n/sw/helmod/apps/centos7/Core/gcc/9.3.0-fasrc01/bin/../libexec/gcc/x86_64-pc-linux-gnu/9.3.0/lto-wrapper -plugin-opt=-fresolution=/tmp/ccfSDsyN.res -plugin-opt=-pass-through=-lgcc -plugin-opt=-pass-through=-lgcc_s -plugin-opt=-pass-through=-lc -plugin-opt=-pass-through=-lgcc -plugin-opt=-pass-through=-lgcc_s --eh-frame-hdr -m elf_x86_64 -export-dynamic -dynamic-linker /lib64/ld-linux-x86-64.so.2 -o cmTC_29d89 /lib/../lib64/crt1.o /lib/../lib64/crti.o /n/sw/helmod/apps/centos7/Core/gcc/9.3.0-fasrc01/bin/../lib64/gcc/x86_64-pc-linux-gnu/9.3.0/crtbegin.o -L/n/sw/helmod/apps/centos7/Core/gcc/9.3.0-fasrc01/bin/../lib64/gcc/x86_64-pc-linux-gnu/9.3.0 -L/n/sw/helmod/apps/centos7/Core/gcc/9.3.0-fasrc01/bin/../lib64/gcc -L/n/helmod/apps/centos7/Core/gcc/9.3.0-fasrc01/lib64/../lib64 -L/n/helmod/apps/centos7/Core/gcc/9.3.0-fasrc01/lib/../lib64 -L/n/helmod/apps/centos7/Core/mpc/1.0.3-fasrc06/lib64/../lib64 -L/n/helmod/apps/centos7/Core/mpfr/3.1.5-fasrc01/lib64/../lib64 -L/n/helmod/apps/centos7/Core/gmp/6.1.2-fasrc01/lib64/../lib64 -L/n/sw/helmod/apps/centos7/Core/gcc/9.3.0-fasrc01/bin/../lib64/gcc/x86_64-pc-linux-gnu/9.3.0/../../../../lib64 -L/lib/../lib64 -L/usr/lib/../lib64 -L/n/helmod/apps/centos7/Core/gcc/9.3.0-fasrc01/lib64 -L/n/helmod/apps/centos7/Core/gcc/9.3.0-fasrc01/lib -L/n/helmod/apps/centos7/Core/mpc/1.0.3-fasrc06/lib64 -L/n/helmod/apps/centos7/Core/mpfr/3.1.5-fasrc01/lib64 -L/n/helmod/apps/centos7/Core/gmp/6.1.2-fasrc01/lib64 -L/n/home11/ntata/marley/build -L/n/sw/helmod/apps/centos7/Core/gcc/9.3.0-fasrc01/bin/../lib64/gcc/x86_64-pc-linux-gnu/9.3.0/../../.. CMakeFiles/cmTC_29d89.dir/CMakeCCompilerABI.c.o -lgcc --as-needed -lgcc_s --no-as-needed -lc -lgcc --as-needed -lgcc_s --no-as-needed /n/sw/helmod/apps/centos7/Core/gcc/9.3.0-fasrc01/bin/../lib64/gcc/x86_64-pc-linux-gnu/9.3.0/crtend.o /lib/../lib64/crtn.o]
    arg [/n/sw/helmod/apps/centos7/Core/gcc/9.3.0-fasrc01/bin/../libexec/gcc/x86_64-pc-linux-gnu/9.3.0/collect2] ==> ignore
    arg [-plugin] ==> ignore
    arg [/n/sw/helmod/apps/centos7/Core/gcc/9.3.0-fasrc01/bin/../libexec/gcc/x86_64-pc-linux-gnu/9.3.0/liblto_plugin.so] ==> ignore
    arg [-plugin-opt=/n/sw/helmod/apps/centos7/Core/gcc/9.3.0-fasrc01/bin/../libexec/gcc/x86_64-pc-linux-gnu/9.3.0/lto-wrapper] ==> ignore
    arg [-plugin-opt=-fresolution=/tmp/ccfSDsyN.res] ==> ignore
    arg [-plugin-opt=-pass-through=-lgcc] ==> ignore
    arg [-plugin-opt=-pass-through=-lgcc_s] ==> ignore
    arg [-plugin-opt=-pass-through=-lc] ==> ignore
    arg [-plugin-opt=-pass-through=-lgcc] ==> ignore
    arg [-plugin-opt=-pass-through=-lgcc_s] ==> ignore
    arg [--eh-frame-hdr] ==> ignore
    arg [-m] ==> ignore
    arg [elf_x86_64] ==> ignore
    arg [-export-dynamic] ==> ignore
    arg [-dynamic-linker] ==> ignore
    arg [/lib64/ld-linux-x86-64.so.2] ==> ignore
    arg [-o] ==> ignore
    arg [cmTC_29d89] ==> ignore
    arg [/lib/../lib64/crt1.o] ==> ignore
    arg [/lib/../lib64/crti.o] ==> ignore
    arg [/n/sw/helmod/apps/centos7/Core/gcc/9.3.0-fasrc01/bin/../lib64/gcc/x86_64-pc-linux-gnu/9.3.0/crtbegin.o] ==> ignore
    arg [-L/n/sw/helmod/apps/centos7/Core/gcc/9.3.0-fasrc01/bin/../lib64/gcc/x86_64-pc-linux-gnu/9.3.0] ==> dir [/n/sw/helmod/apps/centos7/Core/gcc/9.3.0-fasrc01/bin/../lib64/gcc/x86_64-pc-linux-gnu/9.3.0]
    arg [-L/n/sw/helmod/apps/centos7/Core/gcc/9.3.0-fasrc01/bin/../lib64/gcc] ==> dir [/n/sw/helmod/apps/centos7/Core/gcc/9.3.0-fasrc01/bin/../lib64/gcc]
    arg [-L/n/helmod/apps/centos7/Core/gcc/9.3.0-fasrc01/lib64/../lib64] ==> dir [/n/helmod/apps/centos7/Core/gcc/9.3.0-fasrc01/lib64/../lib64]
    arg [-L/n/helmod/apps/centos7/Core/gcc/9.3.0-fasrc01/lib/../lib64] ==> dir [/n/helmod/apps/centos7/Core/gcc/9.3.0-fasrc01/lib/../lib64]
    arg [-L/n/helmod/apps/centos7/Core/mpc/1.0.3-fasrc06/lib64/../lib64] ==> dir [/n/helmod/apps/centos7/Core/mpc/1.0.3-fasrc06/lib64/../lib64]
    arg [-L/n/helmod/apps/centos7/Core/mpfr/3.1.5-fasrc01/lib64/../lib64] ==> dir [/n/helmod/apps/centos7/Core/mpfr/3.1.5-fasrc01/lib64/../lib64]
    arg [-L/n/helmod/apps/centos7/Core/gmp/6.1.2-fasrc01/lib64/../lib64] ==> dir [/n/helmod/apps/centos7/Core/gmp/6.1.2-fasrc01/lib64/../lib64]
    arg [-L/n/sw/helmod/apps/centos7/Core/gcc/9.3.0-fasrc01/bin/../lib64/gcc/x86_64-pc-linux-gnu/9.3.0/../../../../lib64] ==> dir [/n/sw/helmod/apps/centos7/Core/gcc/9.3.0-fasrc01/bin/../lib64/gcc/x86_64-pc-linux-gnu/9.3.0/../../../../lib64]
    arg [-L/lib/../lib64] ==> dir [/lib/../lib64]
    arg [-L/usr/lib/../lib64] ==> dir [/usr/lib/../lib64]
    arg [-L/n/helmod/apps/centos7/Core/gcc/9.3.0-fasrc01/lib64] ==> dir [/n/helmod/apps/centos7/Core/gcc/9.3.0-fasrc01/lib64]
    arg [-L/n/helmod/apps/centos7/Core/gcc/9.3.0-fasrc01/lib] ==> dir [/n/helmod/apps/centos7/Core/gcc/9.3.0-fasrc01/lib]
    arg [-L/n/helmod/apps/centos7/Core/mpc/1.0.3-fasrc06/lib64] ==> dir [/n/helmod/apps/centos7/Core/mpc/1.0.3-fasrc06/lib64]
    arg [-L/n/helmod/apps/centos7/Core/mpfr/3.1.5-fasrc01/lib64] ==> dir [/n/helmod/apps/centos7/Core/mpfr/3.1.5-fasrc01/lib64]
    arg [-L/n/helmod/apps/centos7/Core/gmp/6.1.2-fasrc01/lib64] ==> dir [/n/helmod/apps/centos7/Core/gmp/6.1.2-fasrc01/lib64]
    arg [-L/n/home11/ntata/marley/build] ==> dir [/n/home11/ntata/marley/build]
    arg [-L/n/sw/helmod/apps/centos7/Core/gcc/9.3.0-fasrc01/bin/../lib64/gcc/x86_64-pc-linux-gnu/9.3.0/../../..] ==> dir [/n/sw/helmod/apps/centos7/Core/gcc/9.3.0-fasrc01/bin/../lib64/gcc/x86_64-pc-linux-gnu/9.3.0/../../..]
    arg [CMakeFiles/cmTC_29d89.dir/CMakeCCompilerABI.c.o] ==> ignore
    arg [-lgcc] ==> lib [gcc]
    arg [--as-needed] ==> ignore
    arg [-lgcc_s] ==> lib [gcc_s]
    arg [--no-as-needed] ==> ignore
    arg [-lc] ==> lib [c]
    arg [-lgcc] ==> lib [gcc]
    arg [--as-needed] ==> ignore
    arg [-lgcc_s] ==> lib [gcc_s]
    arg [--no-as-needed] ==> ignore
    arg [/n/sw/helmod/apps/centos7/Core/gcc/9.3.0-fasrc01/bin/../lib64/gcc/x86_64-pc-linux-gnu/9.3.0/crtend.o] ==> ignore
    arg [/lib/../lib64/crtn.o] ==> ignore
  collapse library dir [/n/sw/helmod/apps/centos7/Core/gcc/9.3.0-fasrc01/bin/../lib64/gcc/x86_64-pc-linux-gnu/9.3.0] ==> [/n/sw/helmod/apps/centos7/Core/gcc/9.3.0-fasrc01/lib64/gcc/x86_64-pc-linux-gnu/9.3.0]
  collapse library dir [/n/sw/helmod/apps/centos7/Core/gcc/9.3.0-fasrc01/bin/../lib64/gcc] ==> [/n/sw/helmod/apps/centos7/Core/gcc/9.3.0-fasrc01/lib64/gcc]
  collapse library dir [/n/helmod/apps/centos7/Core/gcc/9.3.0-fasrc01/lib64/../lib64] ==> [/n/helmod/apps/centos7/Core/gcc/9.3.0-fasrc01/lib64]
  collapse library dir [/n/helmod/apps/centos7/Core/gcc/9.3.0-fasrc01/lib/../lib64] ==> [/n/helmod/apps/centos7/Core/gcc/9.3.0-fasrc01/lib64]
  collapse library dir [/n/helmod/apps/centos7/Core/mpc/1.0.3-fasrc06/lib64/../lib64] ==> [/n/helmod/apps/centos7/Core/mpc/1.0.3-fasrc06/lib64]
  collapse library dir [/n/helmod/apps/centos7/Core/mpfr/3.1.5-fasrc01/lib64/../lib64] ==> [/n/helmod/apps/centos7/Core/mpfr/3.1.5-fasrc01/lib64]
  collapse library dir [/n/helmod/apps/centos7/Core/gmp/6.1.2-fasrc01/lib64/../lib64] ==> [/n/helmod/apps/centos7/Core/gmp/6.1.2-fasrc01/lib64]
  collapse library dir [/n/sw/helmod/apps/centos7/Core/gcc/9.3.0-fasrc01/bin/../lib64/gcc/x86_64-pc-linux-gnu/9.3.0/../../../../lib64] ==> [/n/sw/helmod/apps/centos7/Core/gcc/9.3.0-fasrc01/lib64]
  collapse library dir [/lib/../lib64] ==> [/lib64]
  collapse library dir [/usr/lib/../lib64] ==> [/usr/lib64]
  collapse library dir [/n/helmod/apps/centos7/Core/gcc/9.3.0-fasrc01/lib64] ==> [/n/helmod/apps/centos7/Core/gcc/9.3.0-fasrc01/lib64]
  collapse library dir [/n/helmod/apps/centos7/Core/gcc/9.3.0-fasrc01/lib] ==> [/n/helmod/apps/centos7/Core/gcc/9.3.0-fasrc01/lib]
  collapse library dir [/n/helmod/apps/centos7/Core/mpc/1.0.3-fasrc06/lib64] ==> [/n/helmod/apps/centos7/Core/mpc/1.0.3-fasrc06/lib64]
  collapse library dir [/n/helmod/apps/centos7/Core/mpfr/3.1.5-fasrc01/lib64] ==> [/n/helmod/apps/centos7/Core/mpfr/3.1.5-fasrc01/lib64]
  collapse library dir [/n/helmod/apps/centos7/Core/gmp/6.1.2-fasrc01/lib64] ==> [/n/helmod/apps/centos7/Core/gmp/6.1.2-fasrc01/lib64]
  collapse library dir [/n/home11/ntata/marley/build] ==> [/n/home11/ntata/marley/build]
  collapse library dir [/n/sw/helmod/apps/centos7/Core/gcc/9.3.0-fasrc01/bin/../lib64/gcc/x86_64-pc-linux-gnu/9.3.0/../../..] ==> [/n/sw/helmod/apps/centos7/Core/gcc/9.3.0-fasrc01/lib64]
  implicit libs: [gcc;gcc_s;c;gcc;gcc_s]
  implicit dirs: [/n/sw/helmod/apps/centos7/Core/gcc/9.3.0-fasrc01/lib64/gcc/x86_64-pc-linux-gnu/9.3.0;/n/sw/helmod/apps/centos7/Core/gcc/9.3.0-fasrc01/lib64/gcc;/n/helmod/apps/centos7/Core/gcc/9.3.0-fasrc01/lib64;/n/helmod/apps/centos7/Core/mpc/1.0.3-fasrc06/lib64;/n/helmod/apps/centos7/Core/mpfr/3.1.5-fasrc01/lib64;/n/helmod/apps/centos7/Core/gmp/6.1.2-fasrc01/lib64;/n/sw/helmod/apps/centos7/Core/gcc/9.3.0-fasrc01/lib64;/lib64;/usr/lib64;/n/helmod/apps/centos7/Core/gcc/9.3.0-fasrc01/lib;/n/home11/ntata/marley/build]
  implicit fwks: []


Determining if the CXX compiler works passed with the following output:
Change Dir: /n/home11/ntata/projects/Q_PIX_GEANT4/build/CMakeFiles/CMakeTmp

Run Build Command(s):/usr/bin/gmake cmTC_e209d/fast && /usr/bin/gmake  -f CMakeFiles/cmTC_e209d.dir/build.make CMakeFiles/cmTC_e209d.dir/build
gmake[1]: Entering directory `/n/home11/ntata/projects/Q_PIX_GEANT4/build/CMakeFiles/CMakeTmp'
Building CXX object CMakeFiles/cmTC_e209d.dir/testCXXCompiler.cxx.o
/n/helmod/apps/centos7/Core/gcc/9.3.0-fasrc01/bin/g++     -o CMakeFiles/cmTC_e209d.dir/testCXXCompiler.cxx.o -c /n/home11/ntata/projects/Q_PIX_GEANT4/build/CMakeFiles/CMakeTmp/testCXXCompiler.cxx
Linking CXX executable cmTC_e209d
/n/sw/helmod/apps/centos7/Core/cmake/3.17.3-fasrc01/bin/cmake -E cmake_link_script CMakeFiles/cmTC_e209d.dir/link.txt --verbose=1
/n/helmod/apps/centos7/Core/gcc/9.3.0-fasrc01/bin/g++       -rdynamic CMakeFiles/cmTC_e209d.dir/testCXXCompiler.cxx.o  -o cmTC_e209d 
gmake[1]: Leaving directory `/n/home11/ntata/projects/Q_PIX_GEANT4/build/CMakeFiles/CMakeTmp'



Detecting CXX compiler ABI info compiled with the following output:
Change Dir: /n/home11/ntata/projects/Q_PIX_GEANT4/build/CMakeFiles/CMakeTmp

Run Build Command(s):/usr/bin/gmake cmTC_2d67e/fast && /usr/bin/gmake  -f CMakeFiles/cmTC_2d67e.dir/build.make CMakeFiles/cmTC_2d67e.dir/build
gmake[1]: Entering directory `/n/home11/ntata/projects/Q_PIX_GEANT4/build/CMakeFiles/CMakeTmp'
Building CXX object CMakeFiles/cmTC_2d67e.dir/CMakeCXXCompilerABI.cpp.o
/n/helmod/apps/centos7/Core/gcc/9.3.0-fasrc01/bin/g++    -v -o CMakeFiles/cmTC_2d67e.dir/CMakeCXXCompilerABI.cpp.o -c /n/sw/helmod/apps/centos7/Core/cmake/3.17.3-fasrc01/share/cmake-3.17/Modules/CMakeCXXCompilerABI.cpp
Using built-in specs.
COLLECT_GCC=/n/helmod/apps/centos7/Core/gcc/9.3.0-fasrc01/bin/g++
Target: x86_64-pc-linux-gnu
Configured with: ./configure --prefix=/n/helmod/apps/centos7/Core/gcc/9.3.0-fasrc01 --program-prefix= --exec-prefix=/n/helmod/apps/centos7/Core/gcc/9.3.0-fasrc01 --bindir=/n/helmod/apps/centos7/Core/gcc/9.3.0-fasrc01/bin --sbindir=/n/helmod/apps/centos7/Core/gcc/9.3.0-fasrc01/sbin --sysconfdir=/n/helmod/apps/centos7/Core/gcc/9.3.0-fasrc01/etc --datadir=/n/helmod/apps/centos7/Core/gcc/9.3.0-fasrc01/share --includedir=/n/helmod/apps/centos7/Core/gcc/9.3.0-fasrc01/include --libdir=/n/helmod/apps/centos7/Core/gcc/9.3.0-fasrc01/lib64 --libexecdir=/n/helmod/apps/centos7/Core/gcc/9.3.0-fasrc01/libexec --localstatedir=/n/helmod/apps/centos7/Core/gcc/9.3.0-fasrc01/var --sharedstatedir=/n/helmod/apps/centos7/Core/gcc/9.3.0-fasrc01/var/lib --mandir=/n/helmod/apps/centos7/Core/gcc/9.3.0-fasrc01/share/man --infodir=/n/helmod/apps/centos7/Core/gcc/9.3.0-fasrc01/share/info
Thread model: posix
gcc version 9.3.0 (GCC) 
COLLECT_GCC_OPTIONS='-v' '-o' 'CMakeFiles/cmTC_2d67e.dir/CMakeCXXCompilerABI.cpp.o' '-c' '-shared-libgcc' '-mtune=generic' '-march=x86-64'
 /n/sw/helmod/apps/centos7/Core/gcc/9.3.0-fasrc01/bin/../libexec/gcc/x86_64-pc-linux-gnu/9.3.0/cc1plus -quiet -v -iprefix /n/sw/helmod/apps/centos7/Core/gcc/9.3.0-fasrc01/bin/../lib64/gcc/x86_64-pc-linux-gnu/9.3.0/ -D_GNU_SOURCE /n/sw/helmod/apps/centos7/Core/cmake/3.17.3-fasrc01/share/cmake-3.17/Modules/CMakeCXXCompilerABI.cpp -quiet -dumpbase CMakeCXXCompilerABI.cpp -mtune=generic -march=x86-64 -auxbase-strip CMakeFiles/cmTC_2d67e.dir/CMakeCXXCompilerABI.cpp.o -version -o /tmp/ccK6MTIP.s
GNU C++14 (GCC) version 9.3.0 (x86_64-pc-linux-gnu)
	compiled by GNU C version 9.3.0, GMP version 6.1.2, MPFR version 3.1.5, MPC version 1.0.3, isl version none
GGC heuristics: --param ggc-min-expand=100 --param ggc-min-heapsize=131072
ignoring nonexistent directory "/n/sw/helmod/apps/centos7/Core/gcc/9.3.0-fasrc01/bin/../lib64/gcc/x86_64-pc-linux-gnu/9.3.0/../../../../x86_64-pc-linux-gnu/include"
ignoring duplicate directory "/n/sw/helmod/apps/centos7/Core/gcc/9.3.0-fasrc01/bin/../lib64/gcc/../../lib64/gcc/x86_64-pc-linux-gnu/9.3.0/../../../../include/c++/9.3.0"
ignoring duplicate directory "/n/sw/helmod/apps/centos7/Core/gcc/9.3.0-fasrc01/bin/../lib64/gcc/../../lib64/gcc/x86_64-pc-linux-gnu/9.3.0/../../../../include/c++/9.3.0/x86_64-pc-linux-gnu"
ignoring duplicate directory "/n/sw/helmod/apps/centos7/Core/gcc/9.3.0-fasrc01/bin/../lib64/gcc/../../lib64/gcc/x86_64-pc-linux-gnu/9.3.0/../../../../include/c++/9.3.0/backward"
ignoring duplicate directory "/n/sw/helmod/apps/centos7/Core/gcc/9.3.0-fasrc01/bin/../lib64/gcc/../../lib64/gcc/x86_64-pc-linux-gnu/9.3.0/include"
ignoring duplicate directory "/n/sw/helmod/apps/centos7/Core/gcc/9.3.0-fasrc01/bin/../lib64/gcc/../../lib64/gcc/x86_64-pc-linux-gnu/9.3.0/include-fixed"
ignoring nonexistent directory "/n/sw/helmod/apps/centos7/Core/gcc/9.3.0-fasrc01/bin/../lib64/gcc/../../lib64/gcc/x86_64-pc-linux-gnu/9.3.0/../../../../x86_64-pc-linux-gnu/include"
ignoring nonexistent directory "/n/helmod/apps/centos7/Core/cmake/3.17.3-fasrc01/share/cmake-3.16/Help/include"
ignoring nonexistent directory "/n/helmod/apps/centos7/Core/cmake/3.17.3-fasrc01/share/cmake-3.16/include"
ignoring duplicate directory "/n/helmod/apps/centos7/Core/gcc/9.3.0-fasrc01/include"
  as it is a non-system directory that duplicates a system directory
ignoring duplicate directory "/n/helmod/apps/centos7/Core/gcc/9.3.0-fasrc01/lib64/gcc/x86_64-pc-linux-gnu/9.3.0/include"
  as it is a non-system directory that duplicates a system directory
#include "..." search starts here:
#include <...> search starts here:
 /n/helmod/apps/centos7/Core/gcc/9.3.0-fasrc01/lib64/gcc/x86_64-pc-linux-gnu/9.3.0/plugin/include
 /n/helmod/apps/centos7/Core/gcc/9.3.0-fasrc01/lib64/gcc/x86_64-pc-linux-gnu/9.3.0/install-tools/include
 /n/helmod/apps/centos7/Core/mpc/1.0.3-fasrc06/include
 /n/helmod/apps/centos7/Core/mpfr/3.1.5-fasrc01/include
 /n/helmod/apps/centos7/Core/gmp/6.1.2-fasrc01/include
 .
 /n/home11/ntata/marley/include
 /n/sw/helmod/apps/centos7/Core/gcc/9.3.0-fasrc01/bin/../lib64/gcc/x86_64-pc-linux-gnu/9.3.0/../../../../include/c++/9.3.0
 /n/sw/helmod/apps/centos7/Core/gcc/9.3.0-fasrc01/bin/../lib64/gcc/x86_64-pc-linux-gnu/9.3.0/../../../../include/c++/9.3.0/x86_64-pc-linux-gnu
 /n/sw/helmod/apps/centos7/Core/gcc/9.3.0-fasrc01/bin/../lib64/gcc/x86_64-pc-linux-gnu/9.3.0/../../../../include/c++/9.3.0/backward
 /n/sw/helmod/apps/centos7/Core/gcc/9.3.0-fasrc01/bin/../lib64/gcc/x86_64-pc-linux-gnu/9.3.0/include
 /n/sw/helmod/apps/centos7/Core/gcc/9.3.0-fasrc01/bin/../lib64/gcc/x86_64-pc-linux-gnu/9.3.0/include-fixed
 /usr/local/include
 /n/sw/helmod/apps/centos7/Core/gcc/9.3.0-fasrc01/bin/../lib64/gcc/../../include
 /usr/include
End of search list.
GNU C++14 (GCC) version 9.3.0 (x86_64-pc-linux-gnu)
	compiled by GNU C version 9.3.0, GMP version 6.1.2, MPFR version 3.1.5, MPC version 1.0.3, isl version none
GGC heuristics: --param ggc-min-expand=100 --param ggc-min-heapsize=131072
Compiler executable checksum: 439e4a4abd41096a8692553e4534d73c
COLLECT_GCC_OPTIONS='-v' '-o' 'CMakeFiles/cmTC_2d67e.dir/CMakeCXXCompilerABI.cpp.o' '-c' '-shared-libgcc' '-mtune=generic' '-march=x86-64'
 as -v --64 -o CMakeFiles/cmTC_2d67e.dir/CMakeCXXCompilerABI.cpp.o /tmp/ccK6MTIP.s
GNU assembler version 2.27 (x86_64-redhat-linux) using BFD version version 2.27-34.base.el7
COMPILER_PATH=/n/sw/helmod/apps/centos7/Core/gcc/9.3.0-fasrc01/bin/../libexec/gcc/x86_64-pc-linux-gnu/9.3.0/:/n/sw/helmod/apps/centos7/Core/gcc/9.3.0-fasrc01/bin/../libexec/gcc/
LIBRARY_PATH=/n/sw/helmod/apps/centos7/Core/gcc/9.3.0-fasrc01/bin/../lib64/gcc/x86_64-pc-linux-gnu/9.3.0/:/n/sw/helmod/apps/centos7/Core/gcc/9.3.0-fasrc01/bin/../lib64/gcc/:/n/helmod/apps/centos7/Core/gcc/9.3.0-fasrc01/lib64/../lib64/:/n/helmod/apps/centos7/Core/gcc/9.3.0-fasrc01/lib/../lib64/:/n/helmod/apps/centos7/Core/mpc/1.0.3-fasrc06/lib64/../lib64/:/n/helmod/apps/centos7/Core/mpfr/3.1.5-fasrc01/lib64/../lib64/:/n/helmod/apps/centos7/Core/gmp/6.1.2-fasrc01/lib64/../lib64/:/n/sw/helmod/apps/centos7/Core/gcc/9.3.0-fasrc01/bin/../lib64/gcc/x86_64-pc-linux-gnu/9.3.0/../../../../lib64/:/lib/../lib64/:/usr/lib/../lib64/:/n/helmod/apps/centos7/Core/gcc/9.3.0-fasrc01/lib64/:/n/helmod/apps/centos7/Core/gcc/9.3.0-fasrc01/lib/:/n/helmod/apps/centos7/Core/mpc/1.0.3-fasrc06/lib64/:/n/helmod/apps/centos7/Core/mpfr/3.1.5-fasrc01/lib64/:/n/helmod/apps/centos7/Core/gmp/6.1.2-fasrc01/lib64/:/n/home11/ntata/marley/build/:/n/sw/helmod/apps/centos7/Core/gcc/9.3.0-fasrc01/bin/../lib64/gcc/x86_64-pc-linux-gnu/9.3.0/../../../:/lib/:/usr/lib/
COLLECT_GCC_OPTIONS='-v' '-o' 'CMakeFiles/cmTC_2d67e.dir/CMakeCXXCompilerABI.cpp.o' '-c' '-shared-libgcc' '-mtune=generic' '-march=x86-64'
Linking CXX executable cmTC_2d67e
/n/sw/helmod/apps/centos7/Core/cmake/3.17.3-fasrc01/bin/cmake -E cmake_link_script CMakeFiles/cmTC_2d67e.dir/link.txt --verbose=1
/n/helmod/apps/centos7/Core/gcc/9.3.0-fasrc01/bin/g++      -v -rdynamic CMakeFiles/cmTC_2d67e.dir/CMakeCXXCompilerABI.cpp.o  -o cmTC_2d67e 
Using built-in specs.
COLLECT_GCC=/n/helmod/apps/centos7/Core/gcc/9.3.0-fasrc01/bin/g++
COLLECT_LTO_WRAPPER=/n/sw/helmod/apps/centos7/Core/gcc/9.3.0-fasrc01/bin/../libexec/gcc/x86_64-pc-linux-gnu/9.3.0/lto-wrapper
Target: x86_64-pc-linux-gnu
Configured with: ./configure --prefix=/n/helmod/apps/centos7/Core/gcc/9.3.0-fasrc01 --program-prefix= --exec-prefix=/n/helmod/apps/centos7/Core/gcc/9.3.0-fasrc01 --bindir=/n/helmod/apps/centos7/Core/gcc/9.3.0-fasrc01/bin --sbindir=/n/helmod/apps/centos7/Core/gcc/9.3.0-fasrc01/sbin --sysconfdir=/n/helmod/apps/centos7/Core/gcc/9.3.0-fasrc01/etc --datadir=/n/helmod/apps/centos7/Core/gcc/9.3.0-fasrc01/share --includedir=/n/helmod/apps/centos7/Core/gcc/9.3.0-fasrc01/include --libdir=/n/helmod/apps/centos7/Core/gcc/9.3.0-fasrc01/lib64 --libexecdir=/n/helmod/apps/centos7/Core/gcc/9.3.0-fasrc01/libexec --localstatedir=/n/helmod/apps/centos7/Core/gcc/9.3.0-fasrc01/var --sharedstatedir=/n/helmod/apps/centos7/Core/gcc/9.3.0-fasrc01/var/lib --mandir=/n/helmod/apps/centos7/Core/gcc/9.3.0-fasrc01/share/man --infodir=/n/helmod/apps/centos7/Core/gcc/9.3.0-fasrc01/share/info
Thread model: posix
gcc version 9.3.0 (GCC) 
COMPILER_PATH=/n/sw/helmod/apps/centos7/Core/gcc/9.3.0-fasrc01/bin/../libexec/gcc/x86_64-pc-linux-gnu/9.3.0/:/n/sw/helmod/apps/centos7/Core/gcc/9.3.0-fasrc01/bin/../libexec/gcc/
LIBRARY_PATH=/n/sw/helmod/apps/centos7/Core/gcc/9.3.0-fasrc01/bin/../lib64/gcc/x86_64-pc-linux-gnu/9.3.0/:/n/sw/helmod/apps/centos7/Core/gcc/9.3.0-fasrc01/bin/../lib64/gcc/:/n/helmod/apps/centos7/Core/gcc/9.3.0-fasrc01/lib64/../lib64/:/n/helmod/apps/centos7/Core/gcc/9.3.0-fasrc01/lib/../lib64/:/n/helmod/apps/centos7/Core/mpc/1.0.3-fasrc06/lib64/../lib64/:/n/helmod/apps/centos7/Core/mpfr/3.1.5-fasrc01/lib64/../lib64/:/n/helmod/apps/centos7/Core/gmp/6.1.2-fasrc01/lib64/../lib64/:/n/sw/helmod/apps/centos7/Core/gcc/9.3.0-fasrc01/bin/../lib64/gcc/x86_64-pc-linux-gnu/9.3.0/../../../../lib64/:/lib/../lib64/:/usr/lib/../lib64/:/n/helmod/apps/centos7/Core/gcc/9.3.0-fasrc01/lib64/:/n/helmod/apps/centos7/Core/gcc/9.3.0-fasrc01/lib/:/n/helmod/apps/centos7/Core/mpc/1.0.3-fasrc06/lib64/:/n/helmod/apps/centos7/Core/mpfr/3.1.5-fasrc01/lib64/:/n/helmod/apps/centos7/Core/gmp/6.1.2-fasrc01/lib64/:/n/home11/ntata/marley/build/:/n/sw/helmod/apps/centos7/Core/gcc/9.3.0-fasrc01/bin/../lib64/gcc/x86_64-pc-linux-gnu/9.3.0/../../../:/lib/:/usr/lib/
COLLECT_GCC_OPTIONS='-v' '-rdynamic' '-o' 'cmTC_2d67e' '-shared-libgcc' '-mtune=generic' '-march=x86-64'
 /n/sw/helmod/apps/centos7/Core/gcc/9.3.0-fasrc01/bin/../libexec/gcc/x86_64-pc-linux-gnu/9.3.0/collect2 -plugin /n/sw/helmod/apps/centos7/Core/gcc/9.3.0-fasrc01/bin/../libexec/gcc/x86_64-pc-linux-gnu/9.3.0/liblto_plugin.so -plugin-opt=/n/sw/helmod/apps/centos7/Core/gcc/9.3.0-fasrc01/bin/../libexec/gcc/x86_64-pc-linux-gnu/9.3.0/lto-wrapper -plugin-opt=-fresolution=/tmp/ccfMGfJX.res -plugin-opt=-pass-through=-lgcc_s -plugin-opt=-pass-through=-lgcc -plugin-opt=-pass-through=-lc -plugin-opt=-pass-through=-lgcc_s -plugin-opt=-pass-through=-lgcc --eh-frame-hdr -m elf_x86_64 -export-dynamic -dynamic-linker /lib64/ld-linux-x86-64.so.2 -o cmTC_2d67e /lib/../lib64/crt1.o /lib/../lib64/crti.o /n/sw/helmod/apps/centos7/Core/gcc/9.3.0-fasrc01/bin/../lib64/gcc/x86_64-pc-linux-gnu/9.3.0/crtbegin.o -L/n/sw/helmod/apps/centos7/Core/gcc/9.3.0-fasrc01/bin/../lib64/gcc/x86_64-pc-linux-gnu/9.3.0 -L/n/sw/helmod/apps/centos7/Core/gcc/9.3.0-fasrc01/bin/../lib64/gcc -L/n/helmod/apps/centos7/Core/gcc/9.3.0-fasrc01/lib64/../lib64 -L/n/helmod/apps/centos7/Core/gcc/9.3.0-fasrc01/lib/../lib64 -L/n/helmod/apps/centos7/Core/mpc/1.0.3-fasrc06/lib64/../lib64 -L/n/helmod/apps/centos7/Core/mpfr/3.1.5-fasrc01/lib64/../lib64 -L/n/helmod/apps/centos7/Core/gmp/6.1.2-fasrc01/lib64/../lib64 -L/n/sw/helmod/apps/centos7/Core/gcc/9.3.0-fasrc01/bin/../lib64/gcc/x86_64-pc-linux-gnu/9.3.0/../../../../lib64 -L/lib/../lib64 -L/usr/lib/../lib64 -L/n/helmod/apps/centos7/Core/gcc/9.3.0-fasrc01/lib64 -L/n/helmod/apps/centos7/Core/gcc/9.3.0-fasrc01/lib -L/n/helmod/apps/centos7/Core/mpc/1.0.3-fasrc06/lib64 -L/n/helmod/apps/centos7/Core/mpfr/3.1.5-fasrc01/lib64 -L/n/helmod/apps/centos7/Core/gmp/6.1.2-fasrc01/lib64 -L/n/home11/ntata/marley/build -L/n/sw/helmod/apps/centos7/Core/gcc/9.3.0-fasrc01/bin/../lib64/gcc/x86_64-pc-linux-gnu/9.3.0/../../.. CMakeFiles/cmTC_2d67e.dir/CMakeCXXCompilerABI.cpp.o -lstdc++ -lm -lgcc_s -lgcc -lc -lgcc_s -lgcc /n/sw/helmod/apps/centos7/Core/gcc/9.3.0-fasrc01/bin/../lib64/gcc/x86_64-pc-linux-gnu/9.3.0/crtend.o /lib/../lib64/crtn.o
COLLECT_GCC_OPTIONS='-v' '-rdynamic' '-o' 'cmTC_2d67e' '-shared-libgcc' '-mtune=generic' '-march=x86-64'
gmake[1]: Leaving directory `/n/home11/ntata/projects/Q_PIX_GEANT4/build/CMakeFiles/CMakeTmp'



Parsed CXX implicit include dir info from above output: rv=done
  found start of include info
  found start of implicit include info
    add: [/n/helmod/apps/centos7/Core/gcc/9.3.0-fasrc01/lib64/gcc/x86_64-pc-linux-gnu/9.3.0/plugin/include]
    add: [/n/helmod/apps/centos7/Core/gcc/9.3.0-fasrc01/lib64/gcc/x86_64-pc-linux-gnu/9.3.0/install-tools/include]
    add: [/n/helmod/apps/centos7/Core/mpc/1.0.3-fasrc06/include]
    add: [/n/helmod/apps/centos7/Core/mpfr/3.1.5-fasrc01/include]
    add: [/n/helmod/apps/centos7/Core/gmp/6.1.2-fasrc01/include]
    add: [.]
    add: [/n/home11/ntata/marley/include]
    add: [/n/sw/helmod/apps/centos7/Core/gcc/9.3.0-fasrc01/bin/../lib64/gcc/x86_64-pc-linux-gnu/9.3.0/../../../../include/c++/9.3.0]
    add: [/n/sw/helmod/apps/centos7/Core/gcc/9.3.0-fasrc01/bin/../lib64/gcc/x86_64-pc-linux-gnu/9.3.0/../../../../include/c++/9.3.0/x86_64-pc-linux-gnu]
    add: [/n/sw/helmod/apps/centos7/Core/gcc/9.3.0-fasrc01/bin/../lib64/gcc/x86_64-pc-linux-gnu/9.3.0/../../../../include/c++/9.3.0/backward]
    add: [/n/sw/helmod/apps/centos7/Core/gcc/9.3.0-fasrc01/bin/../lib64/gcc/x86_64-pc-linux-gnu/9.3.0/include]
    add: [/n/sw/helmod/apps/centos7/Core/gcc/9.3.0-fasrc01/bin/../lib64/gcc/x86_64-pc-linux-gnu/9.3.0/include-fixed]
    add: [/usr/local/include]
    add: [/n/sw/helmod/apps/centos7/Core/gcc/9.3.0-fasrc01/bin/../lib64/gcc/../../include]
    add: [/usr/include]
  end of search list found
  collapse include dir [/n/helmod/apps/centos7/Core/gcc/9.3.0-fasrc01/lib64/gcc/x86_64-pc-linux-gnu/9.3.0/plugin/include] ==> [/n/helmod/apps/centos7/Core/gcc/9.3.0-fasrc01/lib64/gcc/x86_64-pc-linux-gnu/9.3.0/plugin/include]
  collapse include dir [/n/helmod/apps/centos7/Core/gcc/9.3.0-fasrc01/lib64/gcc/x86_64-pc-linux-gnu/9.3.0/install-tools/include] ==> [/n/helmod/apps/centos7/Core/gcc/9.3.0-fasrc01/lib64/gcc/x86_64-pc-linux-gnu/9.3.0/install-tools/include]
  collapse include dir [/n/helmod/apps/centos7/Core/mpc/1.0.3-fasrc06/include] ==> [/n/helmod/apps/centos7/Core/mpc/1.0.3-fasrc06/include]
  collapse include dir [/n/helmod/apps/centos7/Core/mpfr/3.1.5-fasrc01/include] ==> [/n/helmod/apps/centos7/Core/mpfr/3.1.5-fasrc01/include]
  collapse include dir [/n/helmod/apps/centos7/Core/gmp/6.1.2-fasrc01/include] ==> [/n/helmod/apps/centos7/Core/gmp/6.1.2-fasrc01/include]
  skipping relative include dir [.]
  collapse include dir [/n/home11/ntata/marley/include] ==> [/n/home11/ntata/marley/include]
  collapse include dir [/n/sw/helmod/apps/centos7/Core/gcc/9.3.0-fasrc01/bin/../lib64/gcc/x86_64-pc-linux-gnu/9.3.0/../../../../include/c++/9.3.0] ==> [/n/sw/helmod/apps/centos7/Core/gcc/9.3.0-fasrc01/include/c++/9.3.0]
  collapse include dir [/n/sw/helmod/apps/centos7/Core/gcc/9.3.0-fasrc01/bin/../lib64/gcc/x86_64-pc-linux-gnu/9.3.0/../../../../include/c++/9.3.0/x86_64-pc-linux-gnu] ==> [/n/sw/helmod/apps/centos7/Core/gcc/9.3.0-fasrc01/include/c++/9.3.0/x86_64-pc-linux-gnu]
  collapse include dir [/n/sw/helmod/apps/centos7/Core/gcc/9.3.0-fasrc01/bin/../lib64/gcc/x86_64-pc-linux-gnu/9.3.0/../../../../include/c++/9.3.0/backward] ==> [/n/sw/helmod/apps/centos7/Core/gcc/9.3.0-fasrc01/include/c++/9.3.0/backward]
  collapse include dir [/n/sw/helmod/apps/centos7/Core/gcc/9.3.0-fasrc01/bin/../lib64/gcc/x86_64-pc-linux-gnu/9.3.0/include] ==> [/n/sw/helmod/apps/centos7/Core/gcc/9.3.0-fasrc01/lib64/gcc/x86_64-pc-linux-gnu/9.3.0/include]
  collapse include dir [/n/sw/helmod/apps/centos7/Core/gcc/9.3.0-fasrc01/bin/../lib64/gcc/x86_64-pc-linux-gnu/9.3.0/include-fixed] ==> [/n/sw/helmod/apps/centos7/Core/gcc/9.3.0-fasrc01/lib64/gcc/x86_64-pc-linux-gnu/9.3.0/include-fixed]
  collapse include dir [/usr/local/include] ==> [/usr/local/include]
  collapse include dir [/n/sw/helmod/apps/centos7/Core/gcc/9.3.0-fasrc01/bin/../lib64/gcc/../../include] ==> [/n/sw/helmod/apps/centos7/Core/gcc/9.3.0-fasrc01/include]
  collapse include dir [/usr/include] ==> [/usr/include]
  implicit include dirs: [/n/helmod/apps/centos7/Core/gcc/9.3.0-fasrc01/lib64/gcc/x86_64-pc-linux-gnu/9.3.0/plugin/include;/n/helmod/apps/centos7/Core/gcc/9.3.0-fasrc01/lib64/gcc/x86_64-pc-linux-gnu/9.3.0/install-tools/include;/n/helmod/apps/centos7/Core/mpc/1.0.3-fasrc06/include;/n/helmod/apps/centos7/Core/mpfr/3.1.5-fasrc01/include;/n/helmod/apps/centos7/Core/gmp/6.1.2-fasrc01/include;/n/home11/ntata/marley/include;/n/sw/helmod/apps/centos7/Core/gcc/9.3.0-fasrc01/include/c++/9.3.0;/n/sw/helmod/apps/centos7/Core/gcc/9.3.0-fasrc01/include/c++/9.3.0/x86_64-pc-linux-gnu;/n/sw/helmod/apps/centos7/Core/gcc/9.3.0-fasrc01/include/c++/9.3.0/backward;/n/sw/helmod/apps/centos7/Core/gcc/9.3.0-fasrc01/lib64/gcc/x86_64-pc-linux-gnu/9.3.0/include;/n/sw/helmod/apps/centos7/Core/gcc/9.3.0-fasrc01/lib64/gcc/x86_64-pc-linux-gnu/9.3.0/include-fixed;/usr/local/include;/n/sw/helmod/apps/centos7/Core/gcc/9.3.0-fasrc01/include;/usr/include]


Parsed CXX implicit link information from above output:
  link line regex: [^( *|.*[/\])(ld|CMAKE_LINK_STARTFILE-NOTFOUND|([^/\]+-)?ld|collect2)[^/\]*( |$)]
  ignore line: [Change Dir: /n/home11/ntata/projects/Q_PIX_GEANT4/build/CMakeFiles/CMakeTmp]
  ignore line: []
  ignore line: [Run Build Command(s):/usr/bin/gmake cmTC_2d67e/fast && /usr/bin/gmake  -f CMakeFiles/cmTC_2d67e.dir/build.make CMakeFiles/cmTC_2d67e.dir/build]
  ignore line: [gmake[1]: Entering directory `/n/home11/ntata/projects/Q_PIX_GEANT4/build/CMakeFiles/CMakeTmp']
  ignore line: [Building CXX object CMakeFiles/cmTC_2d67e.dir/CMakeCXXCompilerABI.cpp.o]
  ignore line: [/n/helmod/apps/centos7/Core/gcc/9.3.0-fasrc01/bin/g++    -v -o CMakeFiles/cmTC_2d67e.dir/CMakeCXXCompilerABI.cpp.o -c /n/sw/helmod/apps/centos7/Core/cmake/3.17.3-fasrc01/share/cmake-3.17/Modules/CMakeCXXCompilerABI.cpp]
  ignore line: [Using built-in specs.]
  ignore line: [COLLECT_GCC=/n/helmod/apps/centos7/Core/gcc/9.3.0-fasrc01/bin/g++]
  ignore line: [Target: x86_64-pc-linux-gnu]
  ignore line: [Configured with: ./configure --prefix=/n/helmod/apps/centos7/Core/gcc/9.3.0-fasrc01 --program-prefix= --exec-prefix=/n/helmod/apps/centos7/Core/gcc/9.3.0-fasrc01 --bindir=/n/helmod/apps/centos7/Core/gcc/9.3.0-fasrc01/bin --sbindir=/n/helmod/apps/centos7/Core/gcc/9.3.0-fasrc01/sbin --sysconfdir=/n/helmod/apps/centos7/Core/gcc/9.3.0-fasrc01/etc --datadir=/n/helmod/apps/centos7/Core/gcc/9.3.0-fasrc01/share --includedir=/n/helmod/apps/centos7/Core/gcc/9.3.0-fasrc01/include --libdir=/n/helmod/apps/centos7/Core/gcc/9.3.0-fasrc01/lib64 --libexecdir=/n/helmod/apps/centos7/Core/gcc/9.3.0-fasrc01/libexec --localstatedir=/n/helmod/apps/centos7/Core/gcc/9.3.0-fasrc01/var --sharedstatedir=/n/helmod/apps/centos7/Core/gcc/9.3.0-fasrc01/var/lib --mandir=/n/helmod/apps/centos7/Core/gcc/9.3.0-fasrc01/share/man --infodir=/n/helmod/apps/centos7/Core/gcc/9.3.0-fasrc01/share/info]
  ignore line: [Thread model: posix]
  ignore line: [gcc version 9.3.0 (GCC) ]
  ignore line: [COLLECT_GCC_OPTIONS='-v' '-o' 'CMakeFiles/cmTC_2d67e.dir/CMakeCXXCompilerABI.cpp.o' '-c' '-shared-libgcc' '-mtune=generic' '-march=x86-64']
  ignore line: [ /n/sw/helmod/apps/centos7/Core/gcc/9.3.0-fasrc01/bin/../libexec/gcc/x86_64-pc-linux-gnu/9.3.0/cc1plus -quiet -v -iprefix /n/sw/helmod/apps/centos7/Core/gcc/9.3.0-fasrc01/bin/../lib64/gcc/x86_64-pc-linux-gnu/9.3.0/ -D_GNU_SOURCE /n/sw/helmod/apps/centos7/Core/cmake/3.17.3-fasrc01/share/cmake-3.17/Modules/CMakeCXXCompilerABI.cpp -quiet -dumpbase CMakeCXXCompilerABI.cpp -mtune=generic -march=x86-64 -auxbase-strip CMakeFiles/cmTC_2d67e.dir/CMakeCXXCompilerABI.cpp.o -version -o /tmp/ccK6MTIP.s]
  ignore line: [GNU C++14 (GCC) version 9.3.0 (x86_64-pc-linux-gnu)]
  ignore line: [	compiled by GNU C version 9.3.0  GMP version 6.1.2  MPFR version 3.1.5  MPC version 1.0.3  isl version none]
  ignore line: [GGC heuristics: --param ggc-min-expand=100 --param ggc-min-heapsize=131072]
  ignore line: [ignoring nonexistent directory "/n/sw/helmod/apps/centos7/Core/gcc/9.3.0-fasrc01/bin/../lib64/gcc/x86_64-pc-linux-gnu/9.3.0/../../../../x86_64-pc-linux-gnu/include"]
  ignore line: [ignoring duplicate directory "/n/sw/helmod/apps/centos7/Core/gcc/9.3.0-fasrc01/bin/../lib64/gcc/../../lib64/gcc/x86_64-pc-linux-gnu/9.3.0/../../../../include/c++/9.3.0"]
  ignore line: [ignoring duplicate directory "/n/sw/helmod/apps/centos7/Core/gcc/9.3.0-fasrc01/bin/../lib64/gcc/../../lib64/gcc/x86_64-pc-linux-gnu/9.3.0/../../../../include/c++/9.3.0/x86_64-pc-linux-gnu"]
  ignore line: [ignoring duplicate directory "/n/sw/helmod/apps/centos7/Core/gcc/9.3.0-fasrc01/bin/../lib64/gcc/../../lib64/gcc/x86_64-pc-linux-gnu/9.3.0/../../../../include/c++/9.3.0/backward"]
  ignore line: [ignoring duplicate directory "/n/sw/helmod/apps/centos7/Core/gcc/9.3.0-fasrc01/bin/../lib64/gcc/../../lib64/gcc/x86_64-pc-linux-gnu/9.3.0/include"]
  ignore line: [ignoring duplicate directory "/n/sw/helmod/apps/centos7/Core/gcc/9.3.0-fasrc01/bin/../lib64/gcc/../../lib64/gcc/x86_64-pc-linux-gnu/9.3.0/include-fixed"]
  ignore line: [ignoring nonexistent directory "/n/sw/helmod/apps/centos7/Core/gcc/9.3.0-fasrc01/bin/../lib64/gcc/../../lib64/gcc/x86_64-pc-linux-gnu/9.3.0/../../../../x86_64-pc-linux-gnu/include"]
  ignore line: [ignoring nonexistent directory "/n/helmod/apps/centos7/Core/cmake/3.17.3-fasrc01/share/cmake-3.16/Help/include"]
  ignore line: [ignoring nonexistent directory "/n/helmod/apps/centos7/Core/cmake/3.17.3-fasrc01/share/cmake-3.16/include"]
  ignore line: [ignoring duplicate directory "/n/helmod/apps/centos7/Core/gcc/9.3.0-fasrc01/include"]
  ignore line: [  as it is a non-system directory that duplicates a system directory]
  ignore line: [ignoring duplicate directory "/n/helmod/apps/centos7/Core/gcc/9.3.0-fasrc01/lib64/gcc/x86_64-pc-linux-gnu/9.3.0/include"]
  ignore line: [  as it is a non-system directory that duplicates a system directory]
  ignore line: [#include "..." search starts here:]
  ignore line: [#include <...> search starts here:]
  ignore line: [ /n/helmod/apps/centos7/Core/gcc/9.3.0-fasrc01/lib64/gcc/x86_64-pc-linux-gnu/9.3.0/plugin/include]
  ignore line: [ /n/helmod/apps/centos7/Core/gcc/9.3.0-fasrc01/lib64/gcc/x86_64-pc-linux-gnu/9.3.0/install-tools/include]
  ignore line: [ /n/helmod/apps/centos7/Core/mpc/1.0.3-fasrc06/include]
  ignore line: [ /n/helmod/apps/centos7/Core/mpfr/3.1.5-fasrc01/include]
  ignore line: [ /n/helmod/apps/centos7/Core/gmp/6.1.2-fasrc01/include]
  ignore line: [ .]
  ignore line: [ /n/home11/ntata/marley/include]
  ignore line: [ /n/sw/helmod/apps/centos7/Core/gcc/9.3.0-fasrc01/bin/../lib64/gcc/x86_64-pc-linux-gnu/9.3.0/../../../../include/c++/9.3.0]
  ignore line: [ /n/sw/helmod/apps/centos7/Core/gcc/9.3.0-fasrc01/bin/../lib64/gcc/x86_64-pc-linux-gnu/9.3.0/../../../../include/c++/9.3.0/x86_64-pc-linux-gnu]
  ignore line: [ /n/sw/helmod/apps/centos7/Core/gcc/9.3.0-fasrc01/bin/../lib64/gcc/x86_64-pc-linux-gnu/9.3.0/../../../../include/c++/9.3.0/backward]
  ignore line: [ /n/sw/helmod/apps/centos7/Core/gcc/9.3.0-fasrc01/bin/../lib64/gcc/x86_64-pc-linux-gnu/9.3.0/include]
  ignore line: [ /n/sw/helmod/apps/centos7/Core/gcc/9.3.0-fasrc01/bin/../lib64/gcc/x86_64-pc-linux-gnu/9.3.0/include-fixed]
  ignore line: [ /usr/local/include]
  ignore line: [ /n/sw/helmod/apps/centos7/Core/gcc/9.3.0-fasrc01/bin/../lib64/gcc/../../include]
  ignore line: [ /usr/include]
  ignore line: [End of search list.]
  ignore line: [GNU C++14 (GCC) version 9.3.0 (x86_64-pc-linux-gnu)]
  ignore line: [	compiled by GNU C version 9.3.0  GMP version 6.1.2  MPFR version 3.1.5  MPC version 1.0.3  isl version none]
  ignore line: [GGC heuristics: --param ggc-min-expand=100 --param ggc-min-heapsize=131072]
  ignore line: [Compiler executable checksum: 439e4a4abd41096a8692553e4534d73c]
  ignore line: [COLLECT_GCC_OPTIONS='-v' '-o' 'CMakeFiles/cmTC_2d67e.dir/CMakeCXXCompilerABI.cpp.o' '-c' '-shared-libgcc' '-mtune=generic' '-march=x86-64']
  ignore line: [ as -v --64 -o CMakeFiles/cmTC_2d67e.dir/CMakeCXXCompilerABI.cpp.o /tmp/ccK6MTIP.s]
  ignore line: [GNU assembler version 2.27 (x86_64-redhat-linux) using BFD version version 2.27-34.base.el7]
  ignore line: [COMPILER_PATH=/n/sw/helmod/apps/centos7/Core/gcc/9.3.0-fasrc01/bin/../libexec/gcc/x86_64-pc-linux-gnu/9.3.0/:/n/sw/helmod/apps/centos7/Core/gcc/9.3.0-fasrc01/bin/../libexec/gcc/]
  ignore line: [LIBRARY_PATH=/n/sw/helmod/apps/centos7/Core/gcc/9.3.0-fasrc01/bin/../lib64/gcc/x86_64-pc-linux-gnu/9.3.0/:/n/sw/helmod/apps/centos7/Core/gcc/9.3.0-fasrc01/bin/../lib64/gcc/:/n/helmod/apps/centos7/Core/gcc/9.3.0-fasrc01/lib64/../lib64/:/n/helmod/apps/centos7/Core/gcc/9.3.0-fasrc01/lib/../lib64/:/n/helmod/apps/centos7/Core/mpc/1.0.3-fasrc06/lib64/../lib64/:/n/helmod/apps/centos7/Core/mpfr/3.1.5-fasrc01/lib64/../lib64/:/n/helmod/apps/centos7/Core/gmp/6.1.2-fasrc01/lib64/../lib64/:/n/sw/helmod/apps/centos7/Core/gcc/9.3.0-fasrc01/bin/../lib64/gcc/x86_64-pc-linux-gnu/9.3.0/../../../../lib64/:/lib/../lib64/:/usr/lib/../lib64/:/n/helmod/apps/centos7/Core/gcc/9.3.0-fasrc01/lib64/:/n/helmod/apps/centos7/Core/gcc/9.3.0-fasrc01/lib/:/n/helmod/apps/centos7/Core/mpc/1.0.3-fasrc06/lib64/:/n/helmod/apps/centos7/Core/mpfr/3.1.5-fasrc01/lib64/:/n/helmod/apps/centos7/Core/gmp/6.1.2-fasrc01/lib64/:/n/home11/ntata/marley/build/:/n/sw/helmod/apps/centos7/Core/gcc/9.3.0-fasrc01/bin/../lib64/gcc/x86_64-pc-linux-gnu/9.3.0/../../../:/lib/:/usr/lib/]
  ignore line: [COLLECT_GCC_OPTIONS='-v' '-o' 'CMakeFiles/cmTC_2d67e.dir/CMakeCXXCompilerABI.cpp.o' '-c' '-shared-libgcc' '-mtune=generic' '-march=x86-64']
  ignore line: [Linking CXX executable cmTC_2d67e]
  ignore line: [/n/sw/helmod/apps/centos7/Core/cmake/3.17.3-fasrc01/bin/cmake -E cmake_link_script CMakeFiles/cmTC_2d67e.dir/link.txt --verbose=1]
  ignore line: [/n/helmod/apps/centos7/Core/gcc/9.3.0-fasrc01/bin/g++      -v -rdynamic CMakeFiles/cmTC_2d67e.dir/CMakeCXXCompilerABI.cpp.o  -o cmTC_2d67e ]
  ignore line: [Using built-in specs.]
  ignore line: [COLLECT_GCC=/n/helmod/apps/centos7/Core/gcc/9.3.0-fasrc01/bin/g++]
  ignore line: [COLLECT_LTO_WRAPPER=/n/sw/helmod/apps/centos7/Core/gcc/9.3.0-fasrc01/bin/../libexec/gcc/x86_64-pc-linux-gnu/9.3.0/lto-wrapper]
  ignore line: [Target: x86_64-pc-linux-gnu]
  ignore line: [Configured with: ./configure --prefix=/n/helmod/apps/centos7/Core/gcc/9.3.0-fasrc01 --program-prefix= --exec-prefix=/n/helmod/apps/centos7/Core/gcc/9.3.0-fasrc01 --bindir=/n/helmod/apps/centos7/Core/gcc/9.3.0-fasrc01/bin --sbindir=/n/helmod/apps/centos7/Core/gcc/9.3.0-fasrc01/sbin --sysconfdir=/n/helmod/apps/centos7/Core/gcc/9.3.0-fasrc01/etc --datadir=/n/helmod/apps/centos7/Core/gcc/9.3.0-fasrc01/share --includedir=/n/helmod/apps/centos7/Core/gcc/9.3.0-fasrc01/include --libdir=/n/helmod/apps/centos7/Core/gcc/9.3.0-fasrc01/lib64 --libexecdir=/n/helmod/apps/centos7/Core/gcc/9.3.0-fasrc01/libexec --localstatedir=/n/helmod/apps/centos7/Core/gcc/9.3.0-fasrc01/var --sharedstatedir=/n/helmod/apps/centos7/Core/gcc/9.3.0-fasrc01/var/lib --mandir=/n/helmod/apps/centos7/Core/gcc/9.3.0-fasrc01/share/man --infodir=/n/helmod/apps/centos7/Core/gcc/9.3.0-fasrc01/share/info]
  ignore line: [Thread model: posix]
  ignore line: [gcc version 9.3.0 (GCC) ]
  ignore line: [COMPILER_PATH=/n/sw/helmod/apps/centos7/Core/gcc/9.3.0-fasrc01/bin/../libexec/gcc/x86_64-pc-linux-gnu/9.3.0/:/n/sw/helmod/apps/centos7/Core/gcc/9.3.0-fasrc01/bin/../libexec/gcc/]
  ignore line: [LIBRARY_PATH=/n/sw/helmod/apps/centos7/Core/gcc/9.3.0-fasrc01/bin/../lib64/gcc/x86_64-pc-linux-gnu/9.3.0/:/n/sw/helmod/apps/centos7/Core/gcc/9.3.0-fasrc01/bin/../lib64/gcc/:/n/helmod/apps/centos7/Core/gcc/9.3.0-fasrc01/lib64/../lib64/:/n/helmod/apps/centos7/Core/gcc/9.3.0-fasrc01/lib/../lib64/:/n/helmod/apps/centos7/Core/mpc/1.0.3-fasrc06/lib64/../lib64/:/n/helmod/apps/centos7/Core/mpfr/3.1.5-fasrc01/lib64/../lib64/:/n/helmod/apps/centos7/Core/gmp/6.1.2-fasrc01/lib64/../lib64/:/n/sw/helmod/apps/centos7/Core/gcc/9.3.0-fasrc01/bin/../lib64/gcc/x86_64-pc-linux-gnu/9.3.0/../../../../lib64/:/lib/../lib64/:/usr/lib/../lib64/:/n/helmod/apps/centos7/Core/gcc/9.3.0-fasrc01/lib64/:/n/helmod/apps/centos7/Core/gcc/9.3.0-fasrc01/lib/:/n/helmod/apps/centos7/Core/mpc/1.0.3-fasrc06/lib64/:/n/helmod/apps/centos7/Core/mpfr/3.1.5-fasrc01/lib64/:/n/helmod/apps/centos7/Core/gmp/6.1.2-fasrc01/lib64/:/n/home11/ntata/marley/build/:/n/sw/helmod/apps/centos7/Core/gcc/9.3.0-fasrc01/bin/../lib64/gcc/x86_64-pc-linux-gnu/9.3.0/../../../:/lib/:/usr/lib/]
  ignore line: [COLLECT_GCC_OPTIONS='-v' '-rdynamic' '-o' 'cmTC_2d67e' '-shared-libgcc' '-mtune=generic' '-march=x86-64']
  link line: [ /n/sw/helmod/apps/centos7/Core/gcc/9.3.0-fasrc01/bin/../libexec/gcc/x86_64-pc-linux-gnu/9.3.0/collect2 -plugin /n/sw/helmod/apps/centos7/Core/gcc/9.3.0-fasrc01/bin/../libexec/gcc/x86_64-pc-linux-gnu/9.3.0/liblto_plugin.so -plugin-opt=/n/sw/helmod/apps/centos7/Core/gcc/9.3.0-fasrc01/bin/../libexec/gcc/x86_64-pc-linux-gnu/9.3.0/lto-wrapper -plugin-opt=-fresolution=/tmp/ccfMGfJX.res -plugin-opt=-pass-through=-lgcc_s -plugin-opt=-pass-through=-lgcc -plugin-opt=-pass-through=-lc -plugin-opt=-pass-through=-lgcc_s -plugin-opt=-pass-through=-lgcc --eh-frame-hdr -m elf_x86_64 -export-dynamic -dynamic-linker /lib64/ld-linux-x86-64.so.2 -o cmTC_2d67e /lib/../lib64/crt1.o /lib/../lib64/crti.o /n/sw/helmod/apps/centos7/Core/gcc/9.3.0-fasrc01/bin/../lib64/gcc/x86_64-pc-linux-gnu/9.3.0/crtbegin.o -L/n/sw/helmod/apps/centos7/Core/gcc/9.3.0-fasrc01/bin/../lib64/gcc/x86_64-pc-linux-gnu/9.3.0 -L/n/sw/helmod/apps/centos7/Core/gcc/9.3.0-fasrc01/bin/../lib64/gcc -L/n/helmod/apps/centos7/Core/gcc/9.3.0-fasrc01/lib64/../lib64 -L/n/helmod/apps/centos7/Core/gcc/9.3.0-fasrc01/lib/../lib64 -L/n/helmod/apps/centos7/Core/mpc/1.0.3-fasrc06/lib64/../lib64 -L/n/helmod/apps/centos7/Core/mpfr/3.1.5-fasrc01/lib64/../lib64 -L/n/helmod/apps/centos7/Core/gmp/6.1.2-fasrc01/lib64/../lib64 -L/n/sw/helmod/apps/centos7/Core/gcc/9.3.0-fasrc01/bin/../lib64/gcc/x86_64-pc-linux-gnu/9.3.0/../../../../lib64 -L/lib/../lib64 -L/usr/lib/../lib64 -L/n/helmod/apps/centos7/Core/gcc/9.3.0-fasrc01/lib64 -L/n/helmod/apps/centos7/Core/gcc/9.3.0-fasrc01/lib -L/n/helmod/apps/centos7/Core/mpc/1.0.3-fasrc06/lib64 -L/n/helmod/apps/centos7/Core/mpfr/3.1.5-fasrc01/lib64 -L/n/helmod/apps/centos7/Core/gmp/6.1.2-fasrc01/lib64 -L/n/home11/ntata/marley/build -L/n/sw/helmod/apps/centos7/Core/gcc/9.3.0-fasrc01/bin/../lib64/gcc/x86_64-pc-linux-gnu/9.3.0/../../.. CMakeFiles/cmTC_2d67e.dir/CMakeCXXCompilerABI.cpp.o -lstdc++ -lm -lgcc_s -lgcc -lc -lgcc_s -lgcc /n/sw/helmod/apps/centos7/Core/gcc/9.3.0-fasrc01/bin/../lib64/gcc/x86_64-pc-linux-gnu/9.3.0/crtend.o /lib/../lib64/crtn.o]
    arg [/n/sw/helmod/apps/centos7/Core/gcc/9.3.0-fasrc01/bin/../libexec/gcc/x86_64-pc-linux-gnu/9.3.0/collect2] ==> ignore
    arg [-plugin] ==> ignore
    arg [/n/sw/helmod/apps/centos7/Core/gcc/9.3.0-fasrc01/bin/../libexec/gcc/x86_64-pc-linux-gnu/9.3.0/liblto_plugin.so] ==> ignore
    arg [-plugin-opt=/n/sw/helmod/apps/centos7/Core/gcc/9.3.0-fasrc01/bin/../libexec/gcc/x86_64-pc-linux-gnu/9.3.0/lto-wrapper] ==> ignore
    arg [-plugin-opt=-fresolution=/tmp/ccfMGfJX.res] ==> ignore
    arg [-plugin-opt=-pass-through=-lgcc_s] ==> ignore
    arg [-plugin-opt=-pass-through=-lgcc] ==> ignore
    arg [-plugin-opt=-pass-through=-lc] ==> ignore
    arg [-plugin-opt=-pass-through=-lgcc_s] ==> ignore
    arg [-plugin-opt=-pass-through=-lgcc] ==> ignore
    arg [--eh-frame-hdr] ==> ignore
    arg [-m] ==> ignore
    arg [elf_x86_64] ==> ignore
    arg [-export-dynamic] ==> ignore
    arg [-dynamic-linker] ==> ignore
    arg [/lib64/ld-linux-x86-64.so.2] ==> ignore
    arg [-o] ==> ignore
    arg [cmTC_2d67e] ==> ignore
    arg [/lib/../lib64/crt1.o] ==> ignore
    arg [/lib/../lib64/crti.o] ==> ignore
    arg [/n/sw/helmod/apps/centos7/Core/gcc/9.3.0-fasrc01/bin/../lib64/gcc/x86_64-pc-linux-gnu/9.3.0/crtbegin.o] ==> ignore
    arg [-L/n/sw/helmod/apps/centos7/Core/gcc/9.3.0-fasrc01/bin/../lib64/gcc/x86_64-pc-linux-gnu/9.3.0] ==> dir [/n/sw/helmod/apps/centos7/Core/gcc/9.3.0-fasrc01/bin/../lib64/gcc/x86_64-pc-linux-gnu/9.3.0]
    arg [-L/n/sw/helmod/apps/centos7/Core/gcc/9.3.0-fasrc01/bin/../lib64/gcc] ==> dir [/n/sw/helmod/apps/centos7/Core/gcc/9.3.0-fasrc01/bin/../lib64/gcc]
    arg [-L/n/helmod/apps/centos7/Core/gcc/9.3.0-fasrc01/lib64/../lib64] ==> dir [/n/helmod/apps/centos7/Core/gcc/9.3.0-fasrc01/lib64/../lib64]
    arg [-L/n/helmod/apps/centos7/Core/gcc/9.3.0-fasrc01/lib/../lib64] ==> dir [/n/helmod/apps/centos7/Core/gcc/9.3.0-fasrc01/lib/../lib64]
    arg [-L/n/helmod/apps/centos7/Core/mpc/1.0.3-fasrc06/lib64/../lib64] ==> dir [/n/helmod/apps/centos7/Core/mpc/1.0.3-fasrc06/lib64/../lib64]
    arg [-L/n/helmod/apps/centos7/Core/mpfr/3.1.5-fasrc01/lib64/../lib64] ==> dir [/n/helmod/apps/centos7/Core/mpfr/3.1.5-fasrc01/lib64/../lib64]
    arg [-L/n/helmod/apps/centos7/Core/gmp/6.1.2-fasrc01/lib64/../lib64] ==> dir [/n/helmod/apps/centos7/Core/gmp/6.1.2-fasrc01/lib64/../lib64]
    arg [-L/n/sw/helmod/apps/centos7/Core/gcc/9.3.0-fasrc01/bin/../lib64/gcc/x86_64-pc-linux-gnu/9.3.0/../../../../lib64] ==> dir [/n/sw/helmod/apps/centos7/Core/gcc/9.3.0-fasrc01/bin/../lib64/gcc/x86_64-pc-linux-gnu/9.3.0/../../../../lib64]
    arg [-L/lib/../lib64] ==> dir [/lib/../lib64]
    arg [-L/usr/lib/../lib64] ==> dir [/usr/lib/../lib64]
    arg [-L/n/helmod/apps/centos7/Core/gcc/9.3.0-fasrc01/lib64] ==> dir [/n/helmod/apps/centos7/Core/gcc/9.3.0-fasrc01/lib64]
    arg [-L/n/helmod/apps/centos7/Core/gcc/9.3.0-fasrc01/lib] ==> dir [/n/helmod/apps/centos7/Core/gcc/9.3.0-fasrc01/lib]
    arg [-L/n/helmod/apps/centos7/Core/mpc/1.0.3-fasrc06/lib64] ==> dir [/n/helmod/apps/centos7/Core/mpc/1.0.3-fasrc06/lib64]
    arg [-L/n/helmod/apps/centos7/Core/mpfr/3.1.5-fasrc01/lib64] ==> dir [/n/helmod/apps/centos7/Core/mpfr/3.1.5-fasrc01/lib64]
    arg [-L/n/helmod/apps/centos7/Core/gmp/6.1.2-fasrc01/lib64] ==> dir [/n/helmod/apps/centos7/Core/gmp/6.1.2-fasrc01/lib64]
    arg [-L/n/home11/ntata/marley/build] ==> dir [/n/home11/ntata/marley/build]
    arg [-L/n/sw/helmod/apps/centos7/Core/gcc/9.3.0-fasrc01/bin/../lib64/gcc/x86_64-pc-linux-gnu/9.3.0/../../..] ==> dir [/n/sw/helmod/apps/centos7/Core/gcc/9.3.0-fasrc01/bin/../lib64/gcc/x86_64-pc-linux-gnu/9.3.0/../../..]
    arg [CMakeFiles/cmTC_2d67e.dir/CMakeCXXCompilerABI.cpp.o] ==> ignore
    arg [-lstdc++] ==> lib [stdc++]
    arg [-lm] ==> lib [m]
    arg [-lgcc_s] ==> lib [gcc_s]
    arg [-lgcc] ==> lib [gcc]
    arg [-lc] ==> lib [c]
    arg [-lgcc_s] ==> lib [gcc_s]
    arg [-lgcc] ==> lib [gcc]
    arg [/n/sw/helmod/apps/centos7/Core/gcc/9.3.0-fasrc01/bin/../lib64/gcc/x86_64-pc-linux-gnu/9.3.0/crtend.o] ==> ignore
    arg [/lib/../lib64/crtn.o] ==> ignore
  collapse library dir [/n/sw/helmod/apps/centos7/Core/gcc/9.3.0-fasrc01/bin/../lib64/gcc/x86_64-pc-linux-gnu/9.3.0] ==> [/n/sw/helmod/apps/centos7/Core/gcc/9.3.0-fasrc01/lib64/gcc/x86_64-pc-linux-gnu/9.3.0]
  collapse library dir [/n/sw/helmod/apps/centos7/Core/gcc/9.3.0-fasrc01/bin/../lib64/gcc] ==> [/n/sw/helmod/apps/centos7/Core/gcc/9.3.0-fasrc01/lib64/gcc]
  collapse library dir [/n/helmod/apps/centos7/Core/gcc/9.3.0-fasrc01/lib64/../lib64] ==> [/n/helmod/apps/centos7/Core/gcc/9.3.0-fasrc01/lib64]
  collapse library dir [/n/helmod/apps/centos7/Core/gcc/9.3.0-fasrc01/lib/../lib64] ==> [/n/helmod/apps/centos7/Core/gcc/9.3.0-fasrc01/lib64]
  collapse library dir [/n/helmod/apps/centos7/Core/mpc/1.0.3-fasrc06/lib64/../lib64] ==> [/n/helmod/apps/centos7/Core/mpc/1.0.3-fasrc06/lib64]
  collapse library dir [/n/helmod/apps/centos7/Core/mpfr/3.1.5-fasrc01/lib64/../lib64] ==> [/n/helmod/apps/centos7/Core/mpfr/3.1.5-fasrc01/lib64]
  collapse library dir [/n/helmod/apps/centos7/Core/gmp/6.1.2-fasrc01/lib64/../lib64] ==> [/n/helmod/apps/centos7/Core/gmp/6.1.2-fasrc01/lib64]
  collapse library dir [/n/sw/helmod/apps/centos7/Core/gcc/9.3.0-fasrc01/bin/../lib64/gcc/x86_64-pc-linux-gnu/9.3.0/../../../../lib64] ==> [/n/sw/helmod/apps/centos7/Core/gcc/9.3.0-fasrc01/lib64]
  collapse library dir [/lib/../lib64] ==> [/lib64]
  collapse library dir [/usr/lib/../lib64] ==> [/usr/lib64]
  collapse library dir [/n/helmod/apps/centos7/Core/gcc/9.3.0-fasrc01/lib64] ==> [/n/helmod/apps/centos7/Core/gcc/9.3.0-fasrc01/lib64]
  collapse library dir [/n/helmod/apps/centos7/Core/gcc/9.3.0-fasrc01/lib] ==> [/n/helmod/apps/centos7/Core/gcc/9.3.0-fasrc01/lib]
  collapse library dir [/n/helmod/apps/centos7/Core/mpc/1.0.3-fasrc06/lib64] ==> [/n/helmod/apps/centos7/Core/mpc/1.0.3-fasrc06/lib64]
  collapse library dir [/n/helmod/apps/centos7/Core/mpfr/3.1.5-fasrc01/lib64] ==> [/n/helmod/apps/centos7/Core/mpfr/3.1.5-fasrc01/lib64]
  collapse library dir [/n/helmod/apps/centos7/Core/gmp/6.1.2-fasrc01/lib64] ==> [/n/helmod/apps/centos7/Core/gmp/6.1.2-fasrc01/lib64]
  collapse library dir [/n/home11/ntata/marley/build] ==> [/n/home11/ntata/marley/build]
  collapse library dir [/n/sw/helmod/apps/centos7/Core/gcc/9.3.0-fasrc01/bin/../lib64/gcc/x86_64-pc-linux-gnu/9.3.0/../../..] ==> [/n/sw/helmod/apps/centos7/Core/gcc/9.3.0-fasrc01/lib64]
  implicit libs: [stdc++;m;gcc_s;gcc;c;gcc_s;gcc]
  implicit dirs: [/n/sw/helmod/apps/centos7/Core/gcc/9.3.0-fasrc01/lib64/gcc/x86_64-pc-linux-gnu/9.3.0;/n/sw/helmod/apps/centos7/Core/gcc/9.3.0-fasrc01/lib64/gcc;/n/helmod/apps/centos7/Core/gcc/9.3.0-fasrc01/lib64;/n/helmod/apps/centos7/Core/mpc/1.0.3-fasrc06/lib64;/n/helmod/apps/centos7/Core/mpfr/3.1.5-fasrc01/lib64;/n/helmod/apps/centos7/Core/gmp/6.1.2-fasrc01/lib64;/n/sw/helmod/apps/centos7/Core/gcc/9.3.0-fasrc01/lib64;/lib64;/usr/lib64;/n/helmod/apps/centos7/Core/gcc/9.3.0-fasrc01/lib;/n/home11/ntata/marley/build]
  implicit fwks: []


Determining if the function XOpenDisplay exists in the /usr/lib64/libX11.so;/usr/lib64/libXext.so passed with the following output:
Change Dir: /n/home11/ntata/projects/Q_PIX_GEANT4/build/CMakeFiles/CMakeTmp

Run Build Command(s):/usr/bin/gmake cmTC_e8f4a/fast && /usr/bin/gmake  -f CMakeFiles/cmTC_e8f4a.dir/build.make CMakeFiles/cmTC_e8f4a.dir/build
gmake[1]: Entering directory `/n/home11/ntata/projects/Q_PIX_GEANT4/build/CMakeFiles/CMakeTmp'
Building C object CMakeFiles/cmTC_e8f4a.dir/CheckFunctionExists.c.o
/n/helmod/apps/centos7/Core/gcc/9.3.0-fasrc01/bin/gcc   -DCHECK_FUNCTION_EXISTS=XOpenDisplay   -o CMakeFiles/cmTC_e8f4a.dir/CheckFunctionExists.c.o   -c /n/sw/helmod/apps/centos7/Core/cmake/3.17.3-fasrc01/share/cmake-3.17/Modules/CheckFunctionExists.c
Linking C executable cmTC_e8f4a
/n/sw/helmod/apps/centos7/Core/cmake/3.17.3-fasrc01/bin/cmake -E cmake_link_script CMakeFiles/cmTC_e8f4a.dir/link.txt --verbose=1
/n/helmod/apps/centos7/Core/gcc/9.3.0-fasrc01/bin/gcc  -DCHECK_FUNCTION_EXISTS=XOpenDisplay    CMakeFiles/cmTC_e8f4a.dir/CheckFunctionExists.c.o  -o cmTC_e8f4a  /usr/lib64/libX11.so /usr/lib64/libXext.so 
gmake[1]: Leaving directory `/n/home11/ntata/projects/Q_PIX_GEANT4/build/CMakeFiles/CMakeTmp'



Determining if the function gethostbyname exists passed with the following output:
Change Dir: /n/home11/ntata/projects/Q_PIX_GEANT4/build/CMakeFiles/CMakeTmp

Run Build Command(s):/usr/bin/gmake cmTC_c7dd5/fast && /usr/bin/gmake  -f CMakeFiles/cmTC_c7dd5.dir/build.make CMakeFiles/cmTC_c7dd5.dir/build
gmake[1]: Entering directory `/n/home11/ntata/projects/Q_PIX_GEANT4/build/CMakeFiles/CMakeTmp'
Building C object CMakeFiles/cmTC_c7dd5.dir/CheckFunctionExists.c.o
/n/helmod/apps/centos7/Core/gcc/9.3.0-fasrc01/bin/gcc   -DCHECK_FUNCTION_EXISTS=gethostbyname   -o CMakeFiles/cmTC_c7dd5.dir/CheckFunctionExists.c.o   -c /n/sw/helmod/apps/centos7/Core/cmake/3.17.3-fasrc01/share/cmake-3.17/Modules/CheckFunctionExists.c
Linking C executable cmTC_c7dd5
/n/sw/helmod/apps/centos7/Core/cmake/3.17.3-fasrc01/bin/cmake -E cmake_link_script CMakeFiles/cmTC_c7dd5.dir/link.txt --verbose=1
/n/helmod/apps/centos7/Core/gcc/9.3.0-fasrc01/bin/gcc  -DCHECK_FUNCTION_EXISTS=gethostbyname    CMakeFiles/cmTC_c7dd5.dir/CheckFunctionExists.c.o  -o cmTC_c7dd5 
gmake[1]: Leaving directory `/n/home11/ntata/projects/Q_PIX_GEANT4/build/CMakeFiles/CMakeTmp'



Determining if the function connect exists passed with the following output:
Change Dir: /n/home11/ntata/projects/Q_PIX_GEANT4/build/CMakeFiles/CMakeTmp

Run Build Command(s):/usr/bin/gmake cmTC_4fe66/fast && /usr/bin/gmake  -f CMakeFiles/cmTC_4fe66.dir/build.make CMakeFiles/cmTC_4fe66.dir/build
gmake[1]: Entering directory `/n/home11/ntata/projects/Q_PIX_GEANT4/build/CMakeFiles/CMakeTmp'
Building C object CMakeFiles/cmTC_4fe66.dir/CheckFunctionExists.c.o
/n/helmod/apps/centos7/Core/gcc/9.3.0-fasrc01/bin/gcc   -DCHECK_FUNCTION_EXISTS=connect   -o CMakeFiles/cmTC_4fe66.dir/CheckFunctionExists.c.o   -c /n/sw/helmod/apps/centos7/Core/cmake/3.17.3-fasrc01/share/cmake-3.17/Modules/CheckFunctionExists.c
Linking C executable cmTC_4fe66
/n/sw/helmod/apps/centos7/Core/cmake/3.17.3-fasrc01/bin/cmake -E cmake_link_script CMakeFiles/cmTC_4fe66.dir/link.txt --verbose=1
/n/helmod/apps/centos7/Core/gcc/9.3.0-fasrc01/bin/gcc  -DCHECK_FUNCTION_EXISTS=connect    CMakeFiles/cmTC_4fe66.dir/CheckFunctionExists.c.o  -o cmTC_4fe66 
gmake[1]: Leaving directory `/n/home11/ntata/projects/Q_PIX_GEANT4/build/CMakeFiles/CMakeTmp'



Determining if the function remove exists passed with the following output:
Change Dir: /n/home11/ntata/projects/Q_PIX_GEANT4/build/CMakeFiles/CMakeTmp

Run Build Command(s):/usr/bin/gmake cmTC_65f4b/fast && /usr/bin/gmake  -f CMakeFiles/cmTC_65f4b.dir/build.make CMakeFiles/cmTC_65f4b.dir/build
gmake[1]: Entering directory `/n/home11/ntata/projects/Q_PIX_GEANT4/build/CMakeFiles/CMakeTmp'
Building C object CMakeFiles/cmTC_65f4b.dir/CheckFunctionExists.c.o
/n/helmod/apps/centos7/Core/gcc/9.3.0-fasrc01/bin/gcc   -DCHECK_FUNCTION_EXISTS=remove   -o CMakeFiles/cmTC_65f4b.dir/CheckFunctionExists.c.o   -c /n/sw/helmod/apps/centos7/Core/cmake/3.17.3-fasrc01/share/cmake-3.17/Modules/CheckFunctionExists.c
Linking C executable cmTC_65f4b
/n/sw/helmod/apps/centos7/Core/cmake/3.17.3-fasrc01/bin/cmake -E cmake_link_script CMakeFiles/cmTC_65f4b.dir/link.txt --verbose=1
/n/helmod/apps/centos7/Core/gcc/9.3.0-fasrc01/bin/gcc  -DCHECK_FUNCTION_EXISTS=remove    CMakeFiles/cmTC_65f4b.dir/CheckFunctionExists.c.o  -o cmTC_65f4b 
gmake[1]: Leaving directory `/n/home11/ntata/projects/Q_PIX_GEANT4/build/CMakeFiles/CMakeTmp'



Determining if the function shmat exists passed with the following output:
Change Dir: /n/home11/ntata/projects/Q_PIX_GEANT4/build/CMakeFiles/CMakeTmp

Run Build Command(s):/usr/bin/gmake cmTC_c7f5a/fast && /usr/bin/gmake  -f CMakeFiles/cmTC_c7f5a.dir/build.make CMakeFiles/cmTC_c7f5a.dir/build
gmake[1]: Entering directory `/n/home11/ntata/projects/Q_PIX_GEANT4/build/CMakeFiles/CMakeTmp'
Building C object CMakeFiles/cmTC_c7f5a.dir/CheckFunctionExists.c.o
/n/helmod/apps/centos7/Core/gcc/9.3.0-fasrc01/bin/gcc   -DCHECK_FUNCTION_EXISTS=shmat   -o CMakeFiles/cmTC_c7f5a.dir/CheckFunctionExists.c.o   -c /n/sw/helmod/apps/centos7/Core/cmake/3.17.3-fasrc01/share/cmake-3.17/Modules/CheckFunctionExists.c
Linking C executable cmTC_c7f5a
/n/sw/helmod/apps/centos7/Core/cmake/3.17.3-fasrc01/bin/cmake -E cmake_link_script CMakeFiles/cmTC_c7f5a.dir/link.txt --verbose=1
/n/helmod/apps/centos7/Core/gcc/9.3.0-fasrc01/bin/gcc  -DCHECK_FUNCTION_EXISTS=shmat    CMakeFiles/cmTC_c7f5a.dir/CheckFunctionExists.c.o  -o cmTC_c7f5a 
gmake[1]: Leaving directory `/n/home11/ntata/projects/Q_PIX_GEANT4/build/CMakeFiles/CMakeTmp'



Determining if the function IceConnectionNumber exists in the ICE passed with the following output:
Change Dir: /n/home11/ntata/projects/Q_PIX_GEANT4/build/CMakeFiles/CMakeTmp

Run Build Command(s):/usr/bin/gmake cmTC_18c77/fast && /usr/bin/gmake  -f CMakeFiles/cmTC_18c77.dir/build.make CMakeFiles/cmTC_18c77.dir/build
gmake[1]: Entering directory `/n/home11/ntata/projects/Q_PIX_GEANT4/build/CMakeFiles/CMakeTmp'
Building C object CMakeFiles/cmTC_18c77.dir/CheckFunctionExists.c.o
/n/helmod/apps/centos7/Core/gcc/9.3.0-fasrc01/bin/gcc   -DCHECK_FUNCTION_EXISTS=IceConnectionNumber   -o CMakeFiles/cmTC_18c77.dir/CheckFunctionExists.c.o   -c /n/sw/helmod/apps/centos7/Core/cmake/3.17.3-fasrc01/share/cmake-3.17/Modules/CheckFunctionExists.c
Linking C executable cmTC_18c77
/n/sw/helmod/apps/centos7/Core/cmake/3.17.3-fasrc01/bin/cmake -E cmake_link_script CMakeFiles/cmTC_18c77.dir/link.txt --verbose=1
/n/helmod/apps/centos7/Core/gcc/9.3.0-fasrc01/bin/gcc  -DCHECK_FUNCTION_EXISTS=IceConnectionNumber    CMakeFiles/cmTC_18c77.dir/CheckFunctionExists.c.o  -o cmTC_18c77  -lICE 
gmake[1]: Leaving directory `/n/home11/ntata/projects/Q_PIX_GEANT4/build/CMakeFiles/CMakeTmp'



